C51 COMPILER V9.59.0.0   DISPLAY                                                           03/21/2019 19:11:19 PAGE 1   


C51 COMPILER V9.59.0.0, COMPILATION OF MODULE DISPLAY
OBJECT MODULE PLACED IN ..\OBJ\display.obj
COMPILER INVOKED BY: F:\Keil_v5\C51\BIN\C51.EXE ..\HARDWARE\display.c LARGE OPTIMIZE(8,SPEED) BROWSE INCDIR(..\INC) DEBU
                    -G OBJECTEXTEND PRINT(..\OBJ\display.lst) TABS(2) OBJECT(..\OBJ\display.obj)

line level    source

   1          #include "sys.h"
   2          
   3          unsigned char code table[]={0xc0, 0xf9, 0xa4, 0xb0, 0x99, 0x92, 0x82, 0xf8, 
   4                                      0x80, 0x90, 0x88, 0x83, 0xc6, 0xa1, 0x86, 0x8e,
   5                                      0xff, 0xbf};
   6          u8 TubeBuff[] = {0xff, 0xff, 0xff, 0xff, 0xff, 0xff, 0xff, 0xff};
   7          u8 smg1, smg2, smg3, smg4, smg5, smg6, smg7, smg8;
   8          
   9          void TubeScan(void)
  10          {
  11   1        static u8 index = 0;
  12   1        
  13   1        P2 = (P2 & 0x1f) | 0xe0;
  14   1        P0 = 0xff;
  15   1        P2 = (P2 & 0x1f) | 0xc0;
  16   1        P0 = (0x01 << index);
  17   1        P2 = (P2 & 0x1f) | 0xe0;
  18   1        P0 = TubeBuff[index];
  19   1        P2 = P2 & 0x1f;
  20   1        
  21   1        index ++;
  22   1        index &= 0x07;
  23   1      }
  24          
  25          void TubeShow(void)
  26          { 
  27   1        if(mode == 0)
  28   1        {
  29   2          smg1 = smg2 = smg3 = smg4 = smg5 = 16;
  30   2          smg6 = 17;
  31   2          smg7 = Time_temper[time_index] / 10;
  32   2          smg8 = Time_temper[time_index] % 10;
  33   2        }
  34   1        else if(mode == 1)
  35   1        {
  36   2          smg1 = hour >> 4;
  37   2          smg2 = hour & 0x0f;
  38   2          smg4 = min >> 4;
  39   2          smg5 = min & 0x0f;
  40   2          smg7 = sec >> 4;
  41   2          smg8 = sec & 0x0f;
  42   2          
  43   2          if(smg8 % 2 == 0)
  44   2            smg3 = smg6 = 16;
  45   2          else
  46   2            smg3 = smg6 = 17;
  47   2        }
  48   1        else if(mode == 2)
  49   1        {
  50   2          smg1 = 17;
  51   2          smg2 = temper_index / 10;
  52   2          smg3 = temper_index % 10;
  53   2          smg4 = smg5 = 16;         //Ï¨Ãð
  54   2          smg6 = 17;
C51 COMPILER V9.59.0.0   DISPLAY                                                           03/21/2019 19:11:19 PAGE 2   

  55   2          smg7 = Realtemper[temper_index] / 10;
  56   2          smg8 = Realtemper[temper_index] % 10;
  57   2        }
  58   1        
  59   1        TubeBuff[3] = table[smg1];
  60   1        TubeBuff[2] = table[smg2];
  61   1        TubeBuff[1] = table[smg3];
  62   1        TubeBuff[0] = table[smg4];
  63   1        TubeBuff[7] = table[smg5];
  64   1        TubeBuff[6] = table[smg6];
  65   1        TubeBuff[5] = table[smg7];
  66   1        TubeBuff[4] = table[smg8];
  67   1      }
  68          
  69          void LEDLight(unsigned char dat)
  70          {
  71   1        P0 = 0xff;
  72   1        P2 = (P2 & 0x1f) | 0x80;
  73   1        P0 = dat;
  74   1        P2 = P2 & 0x1f;
  75   1      }


MODULE INFORMATION:   STATIC OVERLAYABLE
   CODE SIZE        =    433    ----
   CONSTANT SIZE    =     18    ----
   XDATA SIZE       =     17    ----
   PDATA SIZE       =   ----    ----
   DATA SIZE        =   ----    ----
   IDATA SIZE       =   ----    ----
   BIT SIZE         =   ----    ----
END OF MODULE INFORMATION.


C51 COMPILATION COMPLETE.  0 WARNING(S),  0 ERROR(S)
