C51 COMPILER V9.59.0.0   KEY                                                               03/21/2019 19:11:19 PAGE 1   


C51 COMPILER V9.59.0.0, COMPILATION OF MODULE KEY
OBJECT MODULE PLACED IN ..\OBJ\key.obj
COMPILER INVOKED BY: F:\Keil_v5\C51\BIN\C51.EXE ..\HARDWARE\key.c LARGE OPTIMIZE(8,SPEED) BROWSE INCDIR(..\INC) DEBUG OB
                    -JECTEXTEND PRINT(..\OBJ\key.lst) TABS(2) OBJECT(..\OBJ\key.obj)

line level    source

   1          #include "sys.h"
   2           
   3          u8 KeySta[] = {1, 1, 1, 1};
   4          u8 KeyBackup[] = {1, 1, 1, 1};
   5          u8 KeyBuff[] = {0xff, 0xff, 0xff, 0xff};
   6           
   7          void KeyScan(void)
   8          {
   9   1        u8 i;
  10   1        
  11   1        KeyBuff[0] = (KeyBuff[0] << 1) | S7;
  12   1        KeyBuff[1] = (KeyBuff[1] << 1) | S6;
  13   1        KeyBuff[2] = (KeyBuff[2] << 1) | S5;
  14   1        KeyBuff[3] = (KeyBuff[3] << 1) | S4;
  15   1        
  16   1        for(i = 0; i < 4; i ++)
  17   1        {
  18   2          if(KeyBuff[i] == 0xff)        //Key release
  19   2            KeySta[i] = 1;
  20   2          else if(KeyBuff[i] == 0x00)   //Key press
  21   2            KeySta[i] = 0;
  22   2          else
  23   2          {}
  24   2        }
  25   1      }
  26           
  27          void KeyAction(unsigned char key)
  28          {
  29   1        if(key == 3)      //S4
  30   1        {
  31   2          if(mode == 0)
  32   2            time_index ++;
  33   2          time_index &= 0x03;
  34   2        }
  35   1        else if(key == 2) //S5
  36   1        {
  37   2          if(mode == 0)
  38   2            mode = 1;
  39   2        }
  40   1        else if(key == 1) //S6
  41   1        {
  42   2          if(mode == 2)
  43   2          {
  44   3            flag_led = 0;
  45   3            temper_index ++;
  46   3            if(temper_index >= 10)
  47   3              temper_index = 0;
  48   3          }
  49   2        }
  50   1        else if(key == 0) //S7
  51   1        {
  52   2          if(mode == 2)
  53   2          {
  54   3            mode = 0;
C51 COMPILER V9.59.0.0   KEY                                                               03/21/2019 19:11:19 PAGE 2   

  55   3            flag_led = 0;
  56   3          }
  57   2        }
  58   1      }
  59           
  60          void KeyPress(void)
  61          {
  62   1        u8 i;
  63   1        
  64   1        for(i = 0; i < 4; i ++)
  65   1        {
  66   2          if(KeySta[i] != KeyBackup[i])
  67   2          {
  68   3            if(KeySta[i] == 0)          //action when key press
  69   3              KeyAction(i);
  70   3            KeyBackup[i] = KeySta[i];
  71   3          }
  72   2        }
  73   1      }
  74           


MODULE INFORMATION:   STATIC OVERLAYABLE
   CODE SIZE        =    281    ----
   CONSTANT SIZE    =   ----    ----
   XDATA SIZE       =     12    ----
   PDATA SIZE       =   ----    ----
   DATA SIZE        =   ----    ----
   IDATA SIZE       =   ----    ----
   BIT SIZE         =   ----    ----
END OF MODULE INFORMATION.


C51 COMPILATION COMPLETE.  0 WARNING(S),  0 ERROR(S)
