C51 COMPILER V9.59.0.0   SYS                                                               03/21/2019 19:11:20 PAGE 1   


C51 COMPILER V9.59.0.0, COMPILATION OF MODULE SYS
OBJECT MODULE PLACED IN ..\OBJ\sys.obj
COMPILER INVOKED BY: F:\Keil_v5\C51\BIN\C51.EXE ..\SYSTEM\sys.c LARGE OPTIMIZE(8,SPEED) BROWSE INCDIR(..\INC) DEBUG OBJE
                    -CTEXTEND PRINT(..\OBJ\sys.lst) TABS(2) OBJECT(..\OBJ\sys.obj)

line level    source

   1          #include "sys.h"
   2          
   3          void AllInit(void)
   4          {
   5   1        P2 = (P2 & 0x1f) | 0x80;
   6   1        P0 = 0xff;
   7   1        P2 = (P2 & 0x1f) | 0xc0;
   8   1        P0 = 0x00;
   9   1        P2 = (P2 & 0x1f) | 0xa0;
  10   1        P0 = 0x00;
  11   1        P2 = P2 & 0x1f;
  12   1      }
  13          
  14          
  15          void Timer0Init(void)   //2毫秒@11.0592MHz
  16          {
  17   1        AUXR |= 0x80;   //定时器时钟1T模式
  18   1        TMOD &= 0xF0;   //设置定时器模式
  19   1        TL0 = 0x9A;   //设置定时初值
  20   1        TH0 = 0xA9;   //设置定时初值
  21   1        TF0 = 0;    //清除TF0标志
  22   1        TR0 = 1;    //定时器0开始计时
  23   1        ET0 = 1;
  24   1      }
  25          
  26          void Timer0(void) interrupt 1
  27          {
  28   1        static u16 t00 = 0;
  29   1        static u8 t01 = 0, t02 = 0;
  30   1        u16 temp;   //存储采集时间上限
  31   1        
  32   1        t00 ++;
  33   1        t01 ++;
  34   1        t02 ++;
  35   1        
  36   1        //读取DS1302
  37   1        if(t02 >= 5)    //10ms
  38   1        {
  39   2          t02 = 0;
  40   2          flag_10ms = 1;
  41   2        }
  42   1        
  43   1        
  44   1        //采集温度时间间隔
  45   1        temp = Time_temper[time_index] * 500;   //时间上限
  46   1        if(mode == 1)
  47   1        {
  48   2          if(t00 >= temp)
  49   2          {
  50   3            t00 = 0;
  51   3            flag_temper = 1;
  52   3          }
  53   2        }
  54   1        else
C51 COMPILER V9.59.0.0   SYS                                                               03/21/2019 19:11:20 PAGE 2   

  55   1          t00 = 0;
  56   1        
  57   1        //LED闪烁
  58   1        if(flag_led)
  59   1        {
  60   2          if(t01 < 100)   //200ms
  61   2            LEDLight(0xfe);
  62   2          else
  63   2          {
  64   3            LEDLight(0xff);
  65   3            if(t01 >= 200)  //400ms
  66   3              t01 = 0;
  67   3          }
  68   2        }
  69   1        else
  70   1        {
  71   2          t01 = 0;
  72   2          LEDLight(0xff);
  73   2        }
  74   1        
  75   1        KeyScan();
  76   1        TubeShow();
  77   1        TubeScan();
  78   1      }
  79          


MODULE INFORMATION:   STATIC OVERLAYABLE
   CODE SIZE        =    271    ----
   CONSTANT SIZE    =   ----    ----
   XDATA SIZE       =      4    ----
   PDATA SIZE       =   ----    ----
   DATA SIZE        =   ----    ----
   IDATA SIZE       =   ----    ----
   BIT SIZE         =   ----    ----
END OF MODULE INFORMATION.


C51 COMPILATION COMPLETE.  0 WARNING(S),  0 ERROR(S)
