C51 COMPILER V9.59.0.0   DISPLAY                                                           03/10/2019 19:53:34 PAGE 1   


C51 COMPILER V9.59.0.0, COMPILATION OF MODULE DISPLAY
OBJECT MODULE PLACED IN ..\OBJ\display.obj
COMPILER INVOKED BY: F:\Keil_v5\C51\BIN\C51.EXE ..\HARDWARE\display.c LARGE OPTIMIZE(8,SPEED) BROWSE INCDIR(..\INC) DEBU
                    -G OBJECTEXTEND PRINT(..\OBJ\display.lst) TABS(2) OBJECT(..\OBJ\display.obj)

line level    source

   1          #include "sys.h"
   2          
   3          unsigned char code table[]={0xc0, 0xf9, 0xa4, 0xb0, 0x99, 0x92, 0x82, 0xf8, 
   4                                      0x80, 0x90, 0x88, 0x83, 0xc6, 0xa1, 0x86, 0x8e,
   5                                      0xff, 0xbf};
   6          u8 TubeBuff[] = {0xff, 0xff, 0xff, 0xff, 0xff, 0xff, 0xff, 0xff};
   7          u8 smg1, smg2, smg3, smg4, smg5, smg6, smg7, smg8;
   8          
   9          void TubeScan(void)
  10          {
  11   1        static u8 index = 0;
  12   1        
  13   1        P2 = (P2 & 0x1f) | 0xe0;
  14   1        P0 = 0xff;
  15   1        P2 = (P2 & 0x1f) | 0xc0;
  16   1        P0 = (0x01 << index);
  17   1        P2 = (P2 & 0x1f) | 0xe0;
  18   1        P0 = TubeBuff[index];
  19   1        P2 = P2 & 0x1f;
  20   1        
  21   1        index ++;
  22   1        index &= 0x07;
  23   1      }
  24          
  25          void TubeShow(void)
  26          {
  27   1        if(flag_option)
  28   1        {
  29   2          smg1 = smg6 = 17;    //-
  30   2          smg4 = smg5 = 16;    //Ï¨Ãð
  31   2          smg2 = temper_range[0];
  32   2          smg3 = temper_range[1];
  33   2          smg7 = temper_range[2];
  34   2          smg8 = temper_range[3];
  35   2        }
  36   1        else if(flag_option == 0)
  37   1        {
  38   2          smg1 = smg3 = 17;         //-
  39   2          smg4 = smg5 = smg6 = 16;  //Ï¨Ãð
  40   2          smg2 = mode;
  41   2          smg7 = Realtemper / 10;
  42   2          smg8 = Realtemper % 10;
  43   2        }
  44   1        
  45   1        TubeBuff[0] = table[smg1];
  46   1        TubeBuff[1] = table[smg2];
  47   1        TubeBuff[2] = table[smg3];
  48   1        TubeBuff[3] = table[smg4];
  49   1        TubeBuff[4] = table[smg5];
  50   1        TubeBuff[5] = table[smg6];
  51   1        TubeBuff[6] = table[smg7];
  52   1        TubeBuff[7] = table[smg8];
  53   1      }
  54          
C51 COMPILER V9.59.0.0   DISPLAY                                                           03/10/2019 19:53:34 PAGE 2   

  55          void LEDLight(unsigned char dat)
  56          {
  57   1        P0 = 0xff;
  58   1        P2 = (P2 & 0x1f) | 0x80;
  59   1        P0 = dat;
  60   1        P2 = P2 & 0x1f;
  61   1      }
  62          


MODULE INFORMATION:   STATIC OVERLAYABLE
   CODE SIZE        =    312    ----
   CONSTANT SIZE    =     18    ----
   XDATA SIZE       =     17    ----
   PDATA SIZE       =   ----    ----
   DATA SIZE        =   ----    ----
   IDATA SIZE       =   ----    ----
   BIT SIZE         =   ----    ----
END OF MODULE INFORMATION.


C51 COMPILATION COMPLETE.  0 WARNING(S),  0 ERROR(S)
