C51 COMPILER V9.59.0.0   MAIN                                                              03/10/2019 19:53:35 PAGE 1   


C51 COMPILER V9.59.0.0, COMPILATION OF MODULE MAIN
OBJECT MODULE PLACED IN ..\OBJ\main.obj
COMPILER INVOKED BY: F:\Keil_v5\C51\BIN\C51.EXE main.c LARGE OPTIMIZE(8,SPEED) BROWSE INCDIR(..\INC) DEBUG OBJECTEXTEND 
                    -PRINT(..\OBJ\main.lst) TABS(2) OBJECT(..\OBJ\main.obj)

line level    source

   1          #include <stc15.h>
   2          #include "sys.h"
   3          
   4          u8 temper_low = 20, temper_high = 30, mode = 0;
   5          u8 temper_range[] = {3, 0, 2, 0}, temp_backup[] = {16, 16, 16, 16};
   6          int Realtemper = 0;
   7          bit flag_option = 0;
   8          bit flag_right = 1;
   9          bit flag_200ms = 0;
  10          
  11          void main(void)
  12          {
  13   1        int tem = 0;
  14   1        
  15   1        AllInit();
  16   1        Start18B20();
  17   1        Timer0Init();
  18   1        EA = 1;
  19   1        while(1)
  20   1        {
  21   2          if(flag_200ms == 1)
  22   2          {
  23   3            flag_200ms = 0;
  24   3            Get18B20Temp(&tem);
  25   3            tem >>= 4;
  26   3            if((tem >= 0) && (tem <= 75))
  27   3              Realtemper = tem;
  28   3            Start18B20();
  29   3          }
  30   2          
  31   2          if(flag_option == 0)
  32   2          {
  33   3            if(Realtemper < temper_low)
  34   3              mode = 0;
  35   3            else if((Realtemper >= temper_low) && (Realtemper <= temper_high))
  36   3              mode = 1;
  37   3            else
  38   3              mode = 2;
  39   3          }
  40   2          
  41   2          KeyPress();
  42   2          TubeShow();
  43   2        }
  44   1      }


MODULE INFORMATION:   STATIC OVERLAYABLE
   CODE SIZE        =    175    ----
   CONSTANT SIZE    =   ----    ----
   XDATA SIZE       =     13       2
   PDATA SIZE       =   ----    ----
   DATA SIZE        =   ----    ----
   IDATA SIZE       =   ----    ----
   BIT SIZE         =      3    ----
C51 COMPILER V9.59.0.0   MAIN                                                              03/10/2019 19:53:35 PAGE 2   

END OF MODULE INFORMATION.


C51 COMPILATION COMPLETE.  0 WARNING(S),  0 ERROR(S)
