C51 COMPILER V9.59.0.0   SYS                                                               03/10/2019 19:53:35 PAGE 1   


C51 COMPILER V9.59.0.0, COMPILATION OF MODULE SYS
OBJECT MODULE PLACED IN ..\OBJ\sys.obj
COMPILER INVOKED BY: F:\Keil_v5\C51\BIN\C51.EXE ..\SYSTEM\sys.c LARGE OPTIMIZE(8,SPEED) BROWSE INCDIR(..\INC) DEBUG OBJE
                    -CTEXTEND PRINT(..\OBJ\sys.lst) TABS(2) OBJECT(..\OBJ\sys.obj)

line level    source

   1          #include "sys.h"
   2          
   3          void AllInit(void)
   4          {
   5   1        P2 = (P2 & 0x1f) | 0x80;
   6   1        P0 = 0xff;
   7   1        P2 = (P2 & 0x1f) | 0xc0;
   8   1        P0 = 0x00;
   9   1        P2 = (P2 & 0x1f) | 0xa0;
  10   1        P0 = 0x00;
  11   1        P2 = P2 & 0x1f;
  12   1      }
  13          
  14          
  15          void Timer0Init(void)   //1毫秒@11.0592MHz
  16          {
  17   1        AUXR |= 0x80;   //定时器时钟1T模式
  18   1        TMOD &= 0xF0;   //设置定时器模式
  19   1        TL0 = 0xCD;   //设置定时初值
  20   1        TH0 = 0xD4;   //设置定时初值
  21   1        TF0 = 0;    //清除TF0标志
  22   1        TR0 = 1;    //定时器0开始计时
  23   1        ET0 = 1;
  24   1      }
  25          
  26          void Timer0(void) interrupt 1
  27          {
  28   1        static u16 T0count1 = 0;
  29   1        static u16 T0count2 = 0;
  30   1        u16 time = 0;
  31   1        static bit flag_led = 0;
  32   1        u8 leddat;
  33   1        
  34   1        T0count1 ++;
  35   1        T0count2 ++;
  36   1        
  37   1        if(T0count1 >= 400) //200ms
  38   1        {
  39   2          T0count1 = 0;
  40   2          flag_200ms = 1;
  41   2        }
  42   1        
  43   1        if(mode == 0)
  44   1        {
  45   2          time = 800;
  46   2          P2 = (P2 & 0x1f) | 0xa0;
  47   2          P0 = 0x00;
  48   2          P2 = P2 & 0x1f;
  49   2        }
  50   1        else if(mode == 1)
  51   1        {
  52   2          time = 400;
  53   2          P2 = (P2 & 0x1f) | 0xa0;
  54   2          P0 = 0x00;
C51 COMPILER V9.59.0.0   SYS                                                               03/10/2019 19:53:35 PAGE 2   

  55   2          P2 = P2 & 0x1f;
  56   2        }
  57   1        else if(mode == 2)
  58   1        {
  59   2          time = 200;
  60   2          P0 = 0x00;
  61   2          P2 = (P2 & 0x1f) | 0xa0;
  62   2          P0 = 0x10;
  63   2          P2 = P2 & 0x1f;
  64   2        }
  65   1          
  66   1        if(T0count2 >= time)
  67   1        {
  68   2          T0count2 = 0; 
  69   2          flag_led = ~flag_led;
  70   2          if(flag_led == 1)
  71   2            leddat = 0xfe;
  72   2          else
  73   2            leddat = 0xff;
  74   2        }
  75   1        
  76   1        if(flag_option == 0)
  77   1          LEDLight(leddat);
  78   1        else if((flag_option = 1) && (flag_right == 1))
  79   1          LEDLight(0xff);
  80   1        else if((flag_option = 1) && (flag_right == 0))
  81   1          LEDLight(0xfd);
  82   1        
  83   1        TubeScan();
  84   1        KeyScan();
  85   1      }


MODULE INFORMATION:   STATIC OVERLAYABLE
   CODE SIZE        =    297    ----
   CONSTANT SIZE    =   ----    ----
   XDATA SIZE       =      4       1
   PDATA SIZE       =   ----    ----
   DATA SIZE        =   ----    ----
   IDATA SIZE       =   ----    ----
   BIT SIZE         =      1    ----
END OF MODULE INFORMATION.


C51 COMPILATION COMPLETE.  0 WARNING(S),  0 ERROR(S)
