C51 COMPILER V9.59.0.0   KEY                                                               03/07/2019 14:15:35 PAGE 1   


C51 COMPILER V9.59.0.0, COMPILATION OF MODULE KEY
OBJECT MODULE PLACED IN ..\OBJ\key.obj
COMPILER INVOKED BY: F:\Keil_v5\C51\BIN\C51.EXE ..\HARDWARE\key.c OPTIMIZE(8,SPEED) BROWSE INCDIR(..\INC) DEBUG OBJECTEX
                    -TEND PRINT(..\OBJ\key.lst) TABS(2) OBJECT(..\OBJ\key.obj)

line level    source

   1          #include "sys.h"
   2           
   3          u8 KeySta[] = {1, 1, 1, 1};
   4          u8 KeyBackup[] = {1, 1, 1, 1};
   5          u8 KeyBuff[] = {0xff, 0xff, 0xff, 0xff};
   6           
   7          void KeyScan(void)
   8          {
   9   1        u8 i;
  10   1        
  11   1        KeyBuff[0] = (KeyBuff[0] << 1) | S7;
  12   1        KeyBuff[1] = (KeyBuff[1] << 1) | S6;
  13   1        KeyBuff[2] = (KeyBuff[2] << 1) | S5;
  14   1        KeyBuff[3] = (KeyBuff[3] << 1) | S4;
  15   1        
  16   1        for(i = 0; i < 4; i ++)
  17   1        {
  18   2          if(KeyBuff[i] == 0xff)        //Key release
  19   2            KeySta[i] = 1;
  20   2          else if(KeyBuff[i] == 0x00)   //Key press
  21   2            KeySta[i] = 0;
  22   2          else
  23   2          {}
  24   2        }
  25   1      }
  26           
  27          void KeyAction(unsigned char key)
  28          {
  29   1        static u8 index = 1;
  30   1        
  31   1        if((key == 3) && (mode == 1))   //S4
  32   1        {
  33   2          index ++;
  34   2          switch(index)
  35   2          {
  36   3            case 1: Temper_time = 1; break;
  37   3            case 2: Temper_time = 5; break;
  38   3            case 3: Temper_time = 30; break;
  39   3            case 4: Temper_time = 60; break;
  40   3            default: index = 1; Temper_time = 1; break;
  41   3          }
  42   2        }
  43   1        else if((key == 2) && (mode == 1))      //S5
  44   1        {
  45   2          flag_start = 1;
  46   2          mode = 2;
  47   2        }
  48   1        else if((key == 1) && (mode == 3))      //S6
  49   1        {
  50   2          if(flag_led)
  51   2            flag_led = 0;
  52   2          temperno ++;
  53   2          if(temperno >= 10)
  54   2            temperno = 0;
C51 COMPILER V9.59.0.0   KEY                                                               03/07/2019 14:15:35 PAGE 2   

  55   2        }
  56   1        else if((key == 0) && (mode == 3))      //S7
  57   1        {
  58   2          mode = 1;
  59   2          temperno = 0;
  60   2        }
  61   1      }
  62           
  63          void KeyPress(void)
  64          {
  65   1        u8 i;
  66   1        
  67   1        for(i = 0; i < 4; i ++)
  68   1        {
  69   2          if(KeySta[i] != KeyBackup[i])
  70   2          {
  71   3            if(KeySta[i] == 0)          //action when key press
  72   3              KeyAction(i);
  73   3            KeyBackup[i] = KeySta[i];
  74   3          }
  75   2        }
  76   1      }
  77           


MODULE INFORMATION:   STATIC OVERLAYABLE
   CODE SIZE        =    263    ----
   CONSTANT SIZE    =   ----    ----
   XDATA SIZE       =   ----    ----
   PDATA SIZE       =   ----    ----
   DATA SIZE        =     13    ----
   IDATA SIZE       =   ----    ----
   BIT SIZE         =   ----    ----
END OF MODULE INFORMATION.


C51 COMPILATION COMPLETE.  0 WARNING(S),  0 ERROR(S)
