C51 COMPILER V9.59.0.0   MAIN                                                              03/07/2019 14:15:36 PAGE 1   


C51 COMPILER V9.59.0.0, COMPILATION OF MODULE MAIN
OBJECT MODULE PLACED IN ..\OBJ\main.obj
COMPILER INVOKED BY: F:\Keil_v5\C51\BIN\C51.EXE main.c OPTIMIZE(8,SPEED) BROWSE INCDIR(..\INC) DEBUG OBJECTEXTEND PRINT(
                    -..\OBJ\main.lst) TABS(2) OBJECT(..\OBJ\main.obj)

line level    source

   1          #include <stc15.h>
   2          #include "sys.h"
   3          
   4          bit flag_start = 0;
   5          bit flag_50ms = 0;
   6          bit flag_temper = 0;
   7          bit flag_led = 0;
   8          u8 mode = 1, Temper_time = 1;
   9          u8 temperno = 0;
  10          int Realtemper[11];
  11          u8 Realtime[] = {0x19, 0x03, 0x07, 0x23, 0x59, 0x50, 0x04};
  12          
  13          
  14          void main(void)
  15          {
  16   1        u8 index = 0, t = 1, leddat = 0xff;
  17   1        int temp = 0;
  18   1        
  19   1        AllInit();
  20   1        Start18B20();
  21   1        EA = 0;
  22   1        Timer0Init();
  23   1        InitDS1302(&Realtime);
  24   1        EA = 1;
  25   1        while(1)
  26   1        {
  27   2          KeyPress();
  28   2          
  29   2          if(flag_50ms)
  30   2          {
  31   3            flag_50ms = 0;
  32   3            GetRealTime(&Realtime);   //读取1302时间
  33   3            if(flag_led)
  34   3            {
  35   4              leddat = 0xfe | t;
  36   4              t = ~t;
  37   4            }
  38   3            else
  39   3              leddat = 0xff;
  40   3          }
  41   2          
  42   2          if(flag_temper == 1)
  43   2          {
  44   3            flag_temper = 0;
  45   3            Get18B20Temp(&temp);
  46   3            temp >>= 4;
  47   3            Realtemper[index] = temp;
  48   3            index ++;
  49   3            Start18B20();
  50   3            if(index >= 10)
  51   3            {
  52   4              mode = 3;           //自动切换到温度显示界面
  53   4              flag_start = 0;     //停止采集温度
  54   4              flag_led = 1;   //显示温度
C51 COMPILER V9.59.0.0   MAIN                                                              03/07/2019 14:15:36 PAGE 2   

  55   4            }
  56   3          }
  57   2          
  58   2          if(flag_start == 0)
  59   2            index = 0;
  60   2          
  61   2          LEDLight(leddat);
  62   2        }
  63   1      }


MODULE INFORMATION:   STATIC OVERLAYABLE
   CODE SIZE        =    149    ----
   CONSTANT SIZE    =   ----    ----
   XDATA SIZE       =   ----    ----
   PDATA SIZE       =   ----    ----
   DATA SIZE        =     32       5
   IDATA SIZE       =   ----    ----
   BIT SIZE         =      4    ----
END OF MODULE INFORMATION.


C51 COMPILATION COMPLETE.  0 WARNING(S),  0 ERROR(S)
