C51 COMPILER V9.59.0.0   DISPLAY                                                           07/26/2020 16:29:51 PAGE 1   


C51 COMPILER V9.59.0.0, COMPILATION OF MODULE DISPLAY
OBJECT MODULE PLACED IN ..\OBJ\display.obj
COMPILER INVOKED BY: F:\Keil_v5\C51\BIN\C51.EXE ..\HARDWARE\display.c LARGE OPTIMIZE(8,SPEED) BROWSE INCDIR(..\INC) DEBU
                    -G OBJECTEXTEND PRINT(..\OBJ\display.lst) TABS(2) OBJECT(..\OBJ\display.obj)

line level    source

   1          #include "sys.h"
   2          
   3          u8 code Nixie[] = {0xc0, 0xf9, 0xa4, 0xb0, 0x99, 0x92, 0x82, 0xf8,
   4                              0x80, 0x90, 0x88, 0x83, 0xc6, 0xa1, 0x86, 0x8e,
   5                              0xff, 0xbf};    //16 17
   6          u8 Nixiebuff[] = {0xff, 0xff, 0xff, 0xff, 0xff, 0xff, 0xff, 0xff};
   7          u8 smg1, smg2, smg3, smg4, smg5, smg6, smg7, smg8;
   8          
   9          //数码管扫描
  10          void Smg_Scan(void)
  11          {
  12   1        static u8 index = 0;
  13   1        
  14   1        P2 = (P2 & 0x1f) | 0xc0;  //打开Y6C
  15   1        P0 = 0x01 << index;
  16   1        
  17   1        P2 = (P2 & 0x1f) | 0xe0;  //打开Y7C
  18   1        P0 = 0xff;
  19   1        P0 = Nixiebuff[index];
  20   1        
  21   1        index ++;
  22   1        index &= 0x07;
  23   1      }
  24          
  25          //更新数码管值
  26          void Smg_show()
  27          {
  28   1        if(Mode_Option == 0)    //不是设置模式不显示
  29   1        {
  30   2          if(display_pwm == 0)
  31   2            smg1 = smg2 = smg3 = smg4 = smg5 = smg6 = smg7 = smg8 = 16;
  32   2          else
  33   2          {
  34   3            smg1 = smg2 = smg3 = smg4 = smg5 = smg6 = 16;
  35   3            smg7 = 17;
  36   3            smg8 = pwm % 10;
  37   3          }
  38   2        }
  39   1        else if(Mode_Option == 1)
  40   1        {
  41   2          if(flag_800ms == 1)   //显示
  42   2          {
  43   3            smg1 = 17;
  44   3            smg2 = Mode_led % 10;
  45   3            smg3 = 17;
  46   3            smg4 = 16;
  47   3            smg5 = time_led[Mode_led] / 10;
  48   3            smg6 = time_led[Mode_led] % 10;
  49   3            smg7 = 0;
  50   3            smg8 = 0;
  51   3          }
  52   2          else        //不显示，实现闪烁
  53   2          {
  54   3            smg1 = 16;
C51 COMPILER V9.59.0.0   DISPLAY                                                           07/26/2020 16:29:51 PAGE 2   

  55   3            smg2 = 16;
  56   3            smg3 = 16;
  57   3            smg4 = 16;
  58   3            smg5 = time_led[Mode_led] / 10;
  59   3            smg6 = time_led[Mode_led] % 10;
  60   3            smg7 = 0;
  61   3            smg8 = 0;
  62   3          }
  63   2        }
  64   1        else if(Mode_Option == 2)
  65   1        {
  66   2          if(flag_800ms == 1)   //显示
  67   2          {
  68   3            smg1 = 17;
  69   3            smg2 = Mode_led % 10;
  70   3            smg3 = 17;
  71   3            smg4 = 16;
  72   3            smg5 = time_led[Mode_led] / 10;
  73   3            smg6 = time_led[Mode_led] % 10;
  74   3            smg7 = 0;
  75   3            smg8 = 0;
  76   3          }
  77   2          else        //不显示，实现闪烁
  78   2          {
  79   3            smg1 = 17;
  80   3            smg2 = Mode_led % 10;
  81   3            smg3 = 17;
  82   3            smg4 = 16;
  83   3            smg5 = 16;
  84   3            smg6 = 16;
  85   3            smg7 = 16;
  86   3            smg8 = 16;
  87   3          }
  88   2        }
  89   1      
  90   1        
  91   1        Nixiebuff[3] = Nixie[smg1];
  92   1        Nixiebuff[2] = Nixie[smg2];
  93   1        Nixiebuff[1] = Nixie[smg3];
  94   1        Nixiebuff[0] = Nixie[smg4];
  95   1        Nixiebuff[7] = Nixie[smg5];
  96   1        Nixiebuff[6] = Nixie[smg6];
  97   1        Nixiebuff[5] = Nixie[smg7];
  98   1        Nixiebuff[4] = Nixie[smg8];
  99   1      }
 100          
 101          
 102          //LED显示
 103          void LED_work(u8 dat)
 104          {
 105   1        P2 = (P2 & 0x1f) | 0x80;
 106   1        P0 = dat;
 107   1        P2 = P2 & 0x1f;
 108   1      }
 109          
 110          


MODULE INFORMATION:   STATIC OVERLAYABLE
   CODE SIZE        =    461    ----
   CONSTANT SIZE    =     18    ----
   XDATA SIZE       =     17    ----
C51 COMPILER V9.59.0.0   DISPLAY                                                           07/26/2020 16:29:51 PAGE 3   

   PDATA SIZE       =   ----    ----
   DATA SIZE        =   ----    ----
   IDATA SIZE       =   ----    ----
   BIT SIZE         =   ----    ----
END OF MODULE INFORMATION.


C51 COMPILATION COMPLETE.  0 WARNING(S),  0 ERROR(S)
