C51 COMPILER V9.59.0.0   KEY                                                               07/26/2020 16:29:51 PAGE 1   


C51 COMPILER V9.59.0.0, COMPILATION OF MODULE KEY
OBJECT MODULE PLACED IN ..\OBJ\key.obj
COMPILER INVOKED BY: F:\Keil_v5\C51\BIN\C51.EXE ..\HARDWARE\key.c LARGE OPTIMIZE(8,SPEED) BROWSE INCDIR(..\INC) DEBUG OB
                    -JECTEXTEND PRINT(..\OBJ\key.lst) TABS(2) OBJECT(..\OBJ\key.obj)

line level    source

   1          #include "sys.h"
   2          
   3          u8 KeySta[] = {1, 1, 1, 1};     //键值存储区
   4          u8 Keybackup[] = {1, 1, 1, 1};  //键值备份区
   5          
   6          sbit S4 = P3^3;
   7          sbit S5 = P3^2;
   8          sbit S6 = P3^1;
   9          sbit S7 = P3^0;
  10          
  11          //按键扫描函数，在定时器中断里调用
  12          void Key_Scan(void)
  13          {
  14   1        static u8 Keybuff[] = {0xff, 0xff, 0xff, 0xff}; //按键缓冲区
  15   1        u8 i = 0;
  16   1        
  17   1        Keybuff[0] = (Keybuff[0] << 1) | S7;
  18   1        Keybuff[1] = (Keybuff[1] << 1) | S6;
  19   1        Keybuff[2] = (Keybuff[2] << 1) | S5;
  20   1        Keybuff[3] = (Keybuff[3] << 1) | S4;
  21   1        
  22   1        for(i = 0; i < 4; i++)
  23   1        {
  24   2          if(Keybuff[i] == 0xff)        //按键松开
  25   2            KeySta[i] = 1;
  26   2          else if(Keybuff[i] == 0x00)   //按键按下
  27   2            KeySta[i] = 0;
  28   2          else        //键值不稳定
  29   2          {}
  30   2        }
  31   1      }
  32          
  33          void Key_drive(u8 key)
  34          { 
  35   1        if(key == 0)
  36   1        {
  37   2          if(TR1 == 0)
  38   2            TR1 = 1;
  39   2          else
  40   2            TR1 = 0;
  41   2        }
  42   1        
  43   1        else if(key == 1)
  44   1        {
  45   2          Mode_Option ++;
  46   2          if(Mode_Option >= 3)
  47   2            Mode_Option = 0;
  48   2        }
  49   1        
  50   1        else if(key == 2)
  51   1        {
  52   2          if(Mode_Option == 1)
  53   2          {
  54   3            Mode_led ++;
C51 COMPILER V9.59.0.0   KEY                                                               07/26/2020 16:29:51 PAGE 2   

  55   3            if(Mode_led >= 4)       //模式最大4
  56   3              Mode_led = 4;
  57   3          }
  58   2          else if(Mode_Option == 2)
  59   2          {
  60   3            time_led[Mode_led] ++;
  61   3            if(time_led[Mode_led] >= 12)    //最大1200ms
  62   3              time_led[Mode_led] = 12;
  63   3          }
  64   2        }
  65   1        
  66   1        else if(key == 3)
  67   1        {
  68   2          if(Mode_Option == 1)
  69   2          {
  70   3            Mode_led --;
  71   3            if(Mode_led <= 1)       //模式最小1
  72   3              Mode_led = 1;
  73   3          }
  74   2          
  75   2          else if(Mode_Option == 2)
  76   2          {
  77   3            time_led[Mode_led] --;
  78   3            if(time_led[Mode_led] <= 4)   //最小400ms
  79   3              time_led[Mode_led] = 4;
  80   3          }
  81   2        }
  82   1      }
  83          
  84          //检测按键是否按下，在main函数调用
  85          void Key_press(void)
  86          {
  87   1        u8 i;
  88   1        
  89   1        for(i = 0; i < 4; i ++)
  90   1        {
  91   2          if(KeySta[i] != Keybackup[i])
  92   2          {
  93   3            if(Keybackup[i] != 0)   //按键松开时操作
  94   3              Key_drive(i);
  95   3            Keybackup[i] = KeySta[i];
  96   3          }
  97   2        }
  98   1        
  99   1        if(Mode_Option == 0)
 100   1        {
 101   2          if(KeySta[3] == 0)
 102   2            display_pwm = 1;
 103   2          else
 104   2            display_pwm = 0;
 105   2        }
 106   1      }
 107          
 108          


MODULE INFORMATION:   STATIC OVERLAYABLE
   CODE SIZE        =    441    ----
   CONSTANT SIZE    =   ----    ----
   XDATA SIZE       =     12    ----
   PDATA SIZE       =   ----    ----
   DATA SIZE        =   ----    ----
C51 COMPILER V9.59.0.0   KEY                                                               07/26/2020 16:29:51 PAGE 3   

   IDATA SIZE       =   ----    ----
   BIT SIZE         =   ----    ----
END OF MODULE INFORMATION.


C51 COMPILATION COMPLETE.  0 WARNING(S),  0 ERROR(S)
