C51 COMPILER V9.59.0.0   KEY                                                               03/21/2019 17:52:40 PAGE 1   


C51 COMPILER V9.59.0.0, COMPILATION OF MODULE KEY
OBJECT MODULE PLACED IN ..\OBJ\key.obj
COMPILER INVOKED BY: F:\Keil_v5\C51\BIN\C51.EXE ..\HARDWARE\key.c LARGE OPTIMIZE(8,SPEED) BROWSE INCDIR(..\INC) DEBUG OB
                    -JECTEXTEND PRINT(..\OBJ\key.lst) TABS(2) OBJECT(..\OBJ\key.obj)

line level    source

   1          #include "sys.h"
   2          
   3          sbit Output0 = P4^4;
   4          sbit Output1 = P4^2;
   5          sbit Output2 = P3^5;
   6          sbit Output3 = P3^4;
   7          sbit Input0 = P3^0;
   8          sbit Input1 = P3^1;
   9          sbit Input2 = P3^2;
  10          sbit Input3 = P3^3;
  11          
  12          u8 code KeyMap[4][4] = {{0, 1, 2, 19},
  13                                  {3, 4, 5, 18}, 
  14                                  {6, 7, 8, 17}, 
  15                                  {9, 0x88, 0x99, 16}};
  16          u8 KeyBuff[4][4] = {{0xff, 0xff, 0xff, 0xff}, {0xff, 0xff, 0xff, 0xff},
  17                            {0xff, 0xff, 0xff, 0xff}, {0xff, 0xff, 0xff, 0xff}};
  18          u8 KeySta[4][4] = {{1, 1, 1, 1}, {1, 1, 1, 1}, {1, 1, 1, 1}, {1, 1, 1, 1}};
  19          u8 KeyBackup[4][4] = {{1, 1, 1, 1}, {1, 1, 1, 1}, {1, 1, 1, 1}, {1, 1, 1, 1}};
  20            
  21          
  22          void KeyScan(void)
  23          {
  24   1        static u8 index = 0;
  25   1        u8 i, j;
  26   1        
  27   1        KeyBuff[0][index] = (KeyBuff[0][index] << 1) | Input0;  //第一行
  28   1        KeyBuff[1][index] = (KeyBuff[1][index] << 1) | Input1;  //第二行
  29   1        KeyBuff[2][index] = (KeyBuff[2][index] << 1) | Input2;  //第三行
  30   1        KeyBuff[3][index] = (KeyBuff[3][index] << 1) | Input3;  //第四行
  31   1        
  32   1        index ++;
  33   1        index &= 0x03;
  34   1        switch(index)
  35   1        {
  36   2          case 0: Output3 = 1; Output0 = 0; break;
  37   2          case 1: Output0 = 1; Output1 = 0; break;
  38   2          case 2: Output1 = 1; Output2 = 0; break;
  39   2          case 3: Output2 = 1; Output3 = 0; break;
  40   2        }
  41   1        
  42   1        for(i = 0; i < 4; i++)
  43   1        {
  44   2          for(j = 0; j < 4; j++)
  45   2          {
  46   3            if(KeyBuff[i][j] == 0x00)       //按键按下
  47   3              KeySta[i][j] = 0;
  48   3            else if(KeyBuff[i][j] == 0xff)  //按键松开
  49   3              KeySta[i][j] = 1;
  50   3            else    //按键抖动
  51   3            {}
  52   3          }
  53   2        }
  54   1      }
C51 COMPILER V9.59.0.0   KEY                                                               03/21/2019 17:52:40 PAGE 2   

  55          
  56          void KeyAction(u8 keycode)
  57          {
  58   1        static u8 length = 0;
  59   1        static bit flag_option = 0, flag_right = 0;
  60   1        
  61   1        if(keycode == 0x88)   //设置键
  62   1        {
  63   2          if(flag_option == 0)  //进入设置模式
  64   2          {
  65   3            flag_option = 1;
  66   3            mode = 1;   //切换显示模式
  67   3            length = 0; //清除输入长度
  68   3            temp_option[0] = temp_option[1] = temp_option[2] = temp_option[3] = 16;
  69   3          }
  70   2          else if(flag_option == 1) 
  71   2          {
  72   3            if(flag_right == 1) //没有错误时才退出设置模式
  73   3            {
  74   4              flag_option = 0;
  75   4              mode = 0;   //切换显示模式
  76   4              flag_error = 0;
  77   4              Hightemper = temp_option[0] * 10 + temp_option[1];  //完成设置
  78   4              Lowtemper = temp_option[2] * 10 + temp_option[3];
  79   4            }
  80   3          }
  81   2        }
  82   1        else if((keycode >= 0) && (keycode <= 9) && (mode == 1))    //数字键
  83   1        {
  84   2          if(length < 4)
  85   2          {
  86   3            temp_option[length] = keycode;
  87   3            length ++;
  88   3          }
  89   2          
  90   2          if(length >= 4)     //写完了判断是否设置正确
  91   2          {
  92   3            if((temp_option[0] * 10 + temp_option[1]) < (temp_option[2] * 10 + temp_option[3]))
  93   3            {
  94   4              flag_error = 1;
  95   4              flag_right = 0;
  96   4            }
  97   3            else
  98   3              flag_right = 1;
  99   3          }
 100   2        }
 101   1        else if(keycode == 0x99)    //清除键
 102   1        {
 103   2          length = 0;
 104   2          temp_option[0] = temp_option[1] = temp_option[2] = temp_option[3] = 16;
 105   2        }
 106   1      }
 107          
 108          
 109          void KeyPress(void)
 110          {
 111   1        u8 i, j;
 112   1        
 113   1        for(i = 0; i < 4; i ++)
 114   1        {
 115   2          for(j = 0; j < 4; j ++)
 116   2          {
C51 COMPILER V9.59.0.0   KEY                                                               03/21/2019 17:52:40 PAGE 3   

 117   3            if(KeyBackup[i][j] != KeySta[i][j])
 118   3            {
 119   4              if(KeySta[i][j] == 0)
 120   4                KeyAction(KeyMap[i][j]);
 121   4              KeyBackup[i][j] = KeySta[i][j];
 122   4            }
 123   3          }
 124   2        }
 125   1      }
 126          


MODULE INFORMATION:   STATIC OVERLAYABLE
   CODE SIZE        =    745    ----
   CONSTANT SIZE    =     16    ----
   XDATA SIZE       =     50       1
   PDATA SIZE       =   ----    ----
   DATA SIZE        =   ----    ----
   IDATA SIZE       =   ----    ----
   BIT SIZE         =      2    ----
END OF MODULE INFORMATION.


C51 COMPILATION COMPLETE.  0 WARNING(S),  0 ERROR(S)
