C51 COMPILER V9.59.0.0   SYS                                                               05/17/2019 08:03:41 PAGE 1   


C51 COMPILER V9.59.0.0, COMPILATION OF MODULE SYS
OBJECT MODULE PLACED IN ..\OBJ\sys.obj
COMPILER INVOKED BY: F:\Keil_v5\C51\BIN\C51.EXE ..\SYSTEM\sys.c LARGE OPTIMIZE(8,SPEED) BROWSE INCDIR(..\INC) DEBUG OBJE
                    -CTEXTEND PRINT(..\OBJ\sys.lst) TABS(2) OBJECT(..\OBJ\sys.obj)

line level    source

   1          #include "sys.h"
   2          
   3          #define sonic_nop {_nop_(); _nop_(); _nop_(); _nop_(); _nop_(); _nop_(); _nop_(); _nop_(); _nop_(); _nop_(
             -);};
   4          
   5          void Delay5ms()   //@12.000MHz
   6          {
   7   1        unsigned char i, j;
   8   1      
   9   1        i = 59;
  10   1        j = 90;
  11   1        do
  12   1        {
  13   2          while (--j);
  14   2        } while (--i);
  15   1      }
  16          
  17          void Check_data(void)
  18          {
  19   1        if(Read_E2PROM(0x00) == 0x18)
  20   1        {
  21   2          Keyword[0] = Read_E2PROM(0x01);
  22   2          Keyword[1] = Read_E2PROM(0x02);
  23   2          Keyword[2] = Read_E2PROM(0x03);
  24   2          Keyword[3] = Read_E2PROM(0x04);
  25   2          Keyword[4] = Read_E2PROM(0x05);
  26   2          Keyword[5] = Read_E2PROM(0x06);
  27   2        }
  28   1        else
  29   1        {
  30   2           Write_E2PROM(0x00, 0x18); Delay5ms();
  31   2           Write_E2PROM(0x01, Keyword[0]); Delay5ms();
  32   2           Write_E2PROM(0x02, Keyword[1]); Delay5ms();
  33   2           Write_E2PROM(0x03, Keyword[2]); Delay5ms();
  34   2           Write_E2PROM(0x04, Keyword[3]); Delay5ms();
  35   2           Write_E2PROM(0x05, Keyword[4]); Delay5ms();
  36   2           Write_E2PROM(0x06, Keyword[5]);
  37   2        }
  38   1      }
  39          
  40          void AllInit(void)
  41          {
  42   1        P2 = (P2 & 0x1f) | 0x80;
  43   1        P0 = 0xff;
  44   1        P2 = (P2 & 0x1f) | 0xc0;
  45   1        P0 = 0x00;
  46   1        P2 = (P2 & 0x1f) | 0xa0;
  47   1        P0 = 0x00;
  48   1        P2 = P2 & 0x1f;
  49   1      }
  50          
  51          void Timer0Init(void)   //1毫秒@11.0592MHz
  52          {
  53   1        AUXR |= 0x80;   //定时器时钟1T模式
C51 COMPILER V9.59.0.0   SYS                                                               05/17/2019 08:03:41 PAGE 2   

  54   1        TMOD &= 0xF0;   //设置定时器模式
  55   1        TL0 = 0xCD;   //设置定时初值
  56   1        TH0 = 0xD4;   //设置定时初值
  57   1        TF0 = 0;    //清除TF0标志
  58   1        TR0 = 1;    //定时器0开始计时
  59   1        ET0 = 1;
  60   1      }
  61          
  62          void Timer0(void) interrupt 1
  63          {
  64   1        static u8 t00 = 0;
  65   1        static u16 t01 = 0, t02 = 0, t03 = 0;
  66   1        
  67   1        t00 ++;
  68   1        t03 ++;
  69   1        
  70   1        if(t00 % 5 == 0)
  71   1          flag_5ms = 1;
  72   1        if(t00 >= 10)
  73   1        {
  74   2          t00 = 0;
  75   2          flag_100ms = 1;
  76   2        }
  77   1        
  78   1        if(t03 >= 100)
  79   1        {
  80   2          t03 = 0;
  81   2          flag_125ms = 1;
  82   2        }
  83   1        
  84   1        //继电器工作时间控制
  85   1        if(flag_relay)
  86   1        {
  87   2          t01 ++;
  88   2          
  89   2          if(t01 >= 5000)   //5s
  90   2          {
  91   3            t01 = 0;
  92   3            flag_relay = 0;
  93   3          }
  94   2        }
  95   1        
  96   1        //蜂鸣器工作时间控制
  97   1        if(flag_beep)
  98   1        {
  99   2          t02 ++;
 100   2          
 101   2          if(t02 >= 3000)   //3s
 102   2          {
 103   3            t02 = 0;
 104   3            flag_beep = 0;
 105   3          }
 106   2          
 107   2          error_times = 0;
 108   2        }
 109   1      
 110   1        KeyScan();
 111   1        TubeShow();
 112   1        TubeScan();
 113   1        BeepWork(flag_beep);
 114   1        RelayWork(flag_relay);
 115   1      }
C51 COMPILER V9.59.0.0   SYS                                                               05/17/2019 08:03:41 PAGE 3   

 116          
 117          void Timer1Init(void)   //0微秒@11.0592MHz
 118          {
 119   1        AUXR &= 0xBF;   //定时器时钟12T模式
 120   1        TMOD &= 0x0F;   //设置定时器模式
 121   1        TL1 = 0;    //设置定时初值
 122   1        TH1 = 0;    //设置定时初值
 123   1        TF1 = 0;    //清除TF1标志
 124   1        TR1 = 0;
 125   1      }
 126          
 127          void SendSonic(void)
 128          {
 129   1        unsigned char i = 8;
 130   1        
 131   1        while(i --)
 132   1        {
 133   2          TX = 1;
 134   2          sonic_nop; sonic_nop; sonic_nop; sonic_nop; sonic_nop;
 135   2          sonic_nop; sonic_nop; sonic_nop; sonic_nop; sonic_nop;
 136   2          TX = 0;
 137   2          sonic_nop; sonic_nop; sonic_nop; sonic_nop; sonic_nop;
 138   2          sonic_nop; sonic_nop; sonic_nop; sonic_nop; sonic_nop;
 139   2        }
 140   1      }
 141          
 142          
 143          
 144          


MODULE INFORMATION:   STATIC OVERLAYABLE
   CODE SIZE        =    690    ----
   CONSTANT SIZE    =   ----    ----
   XDATA SIZE       =      7    ----
   PDATA SIZE       =   ----    ----
   DATA SIZE        =   ----    ----
   IDATA SIZE       =   ----    ----
   BIT SIZE         =   ----    ----
END OF MODULE INFORMATION.


C51 COMPILATION COMPLETE.  0 WARNING(S),  0 ERROR(S)
