C51 COMPILER V9.59.0.0   DISPLAY                                                           01/10/2020 22:24:54 PAGE 1   


C51 COMPILER V9.59.0.0, COMPILATION OF MODULE DISPLAY
OBJECT MODULE PLACED IN ..\OBJ\display.obj
COMPILER INVOKED BY: F:\Keil_v5\C51\BIN\C51.EXE ..\HARDWARE\display.c OPTIMIZE(8,SPEED) BROWSE INCDIR(..\INC) DEBUG OBJE
                    -CTEXTEND PRINT(..\OBJ\display.lst) TABS(2) OBJECT(..\OBJ\display.obj)

line level    source

   1          #include "sys.h"
   2          
   3          unsigned char code table[]={0xc0, 0xf9, 0xa4, 0xb0, 0x99, 0x92, 0x82, 0xf8, 
   4                                      0x80, 0x90, 0x88, 0x83, 0xc6, 0xa1, 0x86, 0x8e,
   5                                      0xff, 0xbf, 0xc7};  //18-L
   6          unsigned char TubeBuff[] = {0xff, 0xff, 0xff, 0xff, 0xff, 0xff, 0xff, 0xff};
   7          unsigned char smg1, smg2, smg3, smg4, smg5, smg6, smg7, smg8;
   8          
   9          void TubeScan(void)
  10          {
  11   1        static u8 index = 0;
  12   1        
  13   1        P0 = 0x00;
  14   1        P2 = (P2 & 0x1f) | 0xc0;
  15   1        P0 = 0x01 << index;
  16   1        P2 = P2 & 0x1f;
  17   1        
  18   1        P0 = 0xff;
  19   1        P2 = (P2 & 0x1f) | 0xe0;
  20   1        P0 = TubeBuff[index];
  21   1        P2 = P2 & 0x1f;
  22   1        
  23   1        index ++;
  24   1        index &= 0x07;
  25   1      }
  26          
  27          void TubeShow(void)
  28          {
  29   1        //显示温度
  30   1        if(mode == 1)
  31   1        {
  32   2          smg1 = 12;    //12
  33   2          smg2 = smg3 = smg4 = 16;
  34   2          smg5 = Temper_int / 10;
  35   2          smg6 = Temper_int % 10;
  36   2          smg7 = Temper_dec / 10;
  37   2          smg8 = Temper_dec % 10;
  38   2        }
  39   1        //显示距离
  40   1        else if(mode == 2)
  41   1        {
  42   2          smg1 = 18;
  43   2          smg2 = smg3 = smg4 = smg5 = smg6 = 16;
  44   2          smg7 = distance / 10;
  45   2          smg8 = distance % 10;
  46   2        }
  47   1        
  48   1        TubeBuff[3] = table[smg1];
  49   1        TubeBuff[2] = table[smg2];
  50   1        TubeBuff[1] = table[smg3];
  51   1        TubeBuff[0] = table[smg4];
  52   1        TubeBuff[7] = table[smg5];
  53   1        TubeBuff[6] = table[smg6];
  54   1        TubeBuff[5] = table[smg7];
C51 COMPILER V9.59.0.0   DISPLAY                                                           01/10/2020 22:24:54 PAGE 2   

  55   1        TubeBuff[4] = table[smg8];
  56   1        
  57   1        //添加小数点
  58   1        if(mode == 1)
  59   1          TubeBuff[6] &= 0x7f;
  60   1        else if((mode == 3) || (mode == 7))
  61   1          TubeBuff[5] &= 0x7f;
  62   1      }
  63          
  64          void LedWork(u8 leddat)
  65          {
  66   1        P0 = 0xff;
  67   1        P2 = (P2 & 0x1f) | 0x80;
  68   1        P0 = leddat;
  69   1        P2 = P2 & 0x1f;
  70   1      }


MODULE INFORMATION:   STATIC OVERLAYABLE
   CODE SIZE        =    260    ----
   CONSTANT SIZE    =     19    ----
   XDATA SIZE       =   ----    ----
   PDATA SIZE       =   ----    ----
   DATA SIZE        =     17    ----
   IDATA SIZE       =   ----    ----
   BIT SIZE         =   ----    ----
END OF MODULE INFORMATION.


C51 COMPILATION COMPLETE.  0 WARNING(S),  0 ERROR(S)
