C51 COMPILER V9.59.0.0   SYS                                                               01/10/2020 22:24:54 PAGE 1   


C51 COMPILER V9.59.0.0, COMPILATION OF MODULE SYS
OBJECT MODULE PLACED IN ..\OBJ\sys.obj
COMPILER INVOKED BY: F:\Keil_v5\C51\BIN\C51.EXE ..\SYSTEM\sys.c OPTIMIZE(8,SPEED) BROWSE INCDIR(..\INC) DEBUG OBJECTEXTE
                    -ND PRINT(..\OBJ\sys.lst) TABS(2) OBJECT(..\OBJ\sys.obj)

line level    source

   1          #include "sys.h"
   2          
   3          void Delay5ms()   //@12.000MHz
   4          {
   5   1        unsigned char i, j;
   6   1      
   7   1        i = 59;
   8   1        j = 90;
   9   1        do
  10   1        {
  11   2          while (--j);
  12   2        } while (--i);
  13   1      }
  14          
  15          void Check_data(void)
  16          {
  17   1      
  18   1      }
  19          
  20          void AllInit(void)
  21          {
  22   1        P2 = (P2 & 0x1f) | 0x80;
  23   1        P0 = 0xff;
  24   1        P2 = (P2 & 0x1f) | 0xc0;
  25   1        P0 = 0x00;
  26   1        P2 = (P2 & 0x1f) | 0xa0;
  27   1        P0 = 0x00;
  28   1        P2 = P2 & 0x1f;
  29   1      }
  30          
  31          void Timer0Init(void)   //1毫秒@12.000MHz
  32          {
  33   1        AUXR |= 0x80;   //定时器时钟1T模式
  34   1        TMOD &= 0xF0;   //设置定时器模式
  35   1        TL0 = 0x20;   //设置定时初值
  36   1        TH0 = 0xD1;   //设置定时初值
  37   1        TF0 = 0;    //清除TF0标志
  38   1        TR0 = 1;    //定时器0开始计时
  39   1        ET0 = 1;    //允许定时器0中断
  40   1      }
  41          
  42          
  43          void Timer1Init(void)   //1毫秒@12.000MHz
  44          {
  45   1        AUXR |= 0x40;   //定时器时钟1T模式
  46   1        TMOD &= 0x0F;   //设置定时器模式
  47   1        TL1 = 0;    //设置定时初值
  48   1        TH1 = 0;    //设置定时初值
  49   1        TF1 = 0;    //清除TF1标志
  50   1        TR1 = 0;    //定时器1开始计时
  51   1        ET1 = 0;
  52   1      }
  53          
  54          void Timer0(void) interrupt 1
C51 COMPILER V9.59.0.0   SYS                                                               01/10/2020 22:24:54 PAGE 2   

  55          {
  56   1        static u16 t00 = 0;
  57   1        
  58   1        t00 ++;
  59   1        
  60   1        if(t00 % 125 == 0)
  61   1          flag_125ms = 1;
  62   1        
  63   1        if(t00 >= 1000)
  64   1        {
  65   2          t00 = 0;
  66   2          flag_1s = 1;
  67   2        }
  68   1        
  69   1        
  70   1        KeyScan();
  71   1        TubeShow();
  72   1        TubeScan();
  73   1        LedWork(0xff);  
  74   1      }
  75          
  76          
  77          
  78          
  79          
  80          
  81          


MODULE INFORMATION:   STATIC OVERLAYABLE
   CODE SIZE        =    197    ----
   CONSTANT SIZE    =   ----    ----
   XDATA SIZE       =   ----    ----
   PDATA SIZE       =   ----    ----
   DATA SIZE        =      2    ----
   IDATA SIZE       =   ----    ----
   BIT SIZE         =   ----    ----
END OF MODULE INFORMATION.


C51 COMPILATION COMPLETE.  0 WARNING(S),  0 ERROR(S)
