C51 COMPILER V9.59.0.0   KEY                                                               03/12/2019 12:16:11 PAGE 1   


C51 COMPILER V9.59.0.0, COMPILATION OF MODULE KEY
OBJECT MODULE PLACED IN ..\OBJ\key.obj
COMPILER INVOKED BY: D:\Keil_v5\C51\BIN\C51.EXE ..\HARDWARE\key.c OPTIMIZE(8,SPEED) BROWSE INCDIR(..\INC) DEBUG OBJECTEX
                    -TEND PRINT(..\OBJ\key.lst) TABS(2) OBJECT(..\OBJ\key.obj)

line level    source

   1          #include "sys.h"
   2           
   3          u8 KeySta[] = {1, 1, 1, 1};
   4          u8 KeyBackup[] = {1, 1, 1, 1};
   5          u8 KeyBuff[] = {0xff, 0xff, 0xff, 0xff};
   6           
   7          void KeyScan(void)
   8          {
   9   1        u8 i;
  10   1        
  11   1        KeyBuff[0] = (KeyBuff[0] << 1) | S7;
  12   1        KeyBuff[1] = (KeyBuff[1] << 1) | S6;
  13   1        KeyBuff[2] = (KeyBuff[2] << 1) | S5;
  14   1        KeyBuff[3] = (KeyBuff[3] << 1) | S4;
  15   1        
  16   1        for(i = 0; i < 4; i ++)
  17   1        {
  18   2          if(KeyBuff[i] == 0xff)        //Key release
  19   2            KeySta[i] = 1;
  20   2          else if(KeyBuff[i] == 0x00)   //Key press
  21   2            KeySta[i] = 0;
  22   2          else
  23   2          {}
  24   2        }
  25   1      }
  26           
  27          void KeyAction(unsigned char key)
  28          {
  29   1        if(key == 0)          //S7  减下限
  30   1        {
  31   2          if(temper_low > 0)
  32   2            temper_low --;
  33   2          else
  34   2            temper_low = 0;
  35   2        }
  36   1        else if(key == 1)     //S6  减上限
  37   1        {
  38   2          if(temper_high > temper_low)
  39   2            temper_high --;
  40   2          else
  41   2            temper_high = temper_low;
  42   2        }
  43   1        else if(key == 2)     //S5  加下限
  44   1        {
  45   2          if(temper_low < temper_high)
  46   2            temper_low ++;
  47   2          else
  48   2            temper_low = temper_high;
  49   2        }
  50   1        else if(key == 3)     //S4  加上限
  51   1        {
  52   2          if(temper_high < 99)
  53   2            temper_high ++;
  54   2          else
C51 COMPILER V9.59.0.0   KEY                                                               03/12/2019 12:16:11 PAGE 2   

  55   2            temper_high = 99;
  56   2        }
  57   1        flag_write = 1;
  58   1      }
  59           
  60          void KeyPress(void)
  61          {
  62   1        u8 i;
  63   1        
  64   1        for(i = 0; i < 4; i ++)
  65   1        {
  66   2          if(KeySta[i] != KeyBackup[i])
  67   2          {
  68   3            if(KeySta[i] == 0)          //action when key press
  69   3              KeyAction(i);
  70   3            KeyBackup[i] = KeySta[i];
  71   3          }
  72   2        }
  73   1      }
  74           


MODULE INFORMATION:   STATIC OVERLAYABLE
   CODE SIZE        =    243    ----
   CONSTANT SIZE    =   ----    ----
   XDATA SIZE       =   ----    ----
   PDATA SIZE       =   ----    ----
   DATA SIZE        =     12    ----
   IDATA SIZE       =   ----    ----
   BIT SIZE         =   ----    ----
END OF MODULE INFORMATION.


C51 COMPILATION COMPLETE.  0 WARNING(S),  0 ERROR(S)
