C51 COMPILER V9.59.0.0   MAIN                                                              03/12/2019 12:16:13 PAGE 1   


C51 COMPILER V9.59.0.0, COMPILATION OF MODULE MAIN
OBJECT MODULE PLACED IN ..\OBJ\main.obj
COMPILER INVOKED BY: D:\Keil_v5\C51\BIN\C51.EXE main.c OPTIMIZE(8,SPEED) BROWSE INCDIR(..\INC) DEBUG OBJECTEXTEND PRINT(
                    -..\OBJ\main.lst) TABS(2) OBJECT(..\OBJ\main.obj)

line level    source

   1          #include <stc15.h>
   2          #include "sys.h"
   3          
   4          bit flag_200ms = 0;
   5          bit flag_pwm = 0, flag_relay = 0;
   6          bit flag_write = 0;
   7          u8 temper_low = 20, temper_high = 30;
   8          int Real_temper = 0;
   9          
  10          void main(void)
  11          {
  12   1        int tem = 0;
  13   1        static u8 index = 0;
  14   1        
  15   1        AllInit();
  16   1        Timer0Init();
  17   1        Start18B20();
  18   1        if(Read_E2PROM(0x02) == 0x23)
  19   1        {
  20   2          temper_high = Read_E2PROM(0x00);
  21   2          temper_low = Read_E2PROM(0x01);
  22   2        }
  23   1        EA = 1;
  24   1        while(1)
  25   1        {
  26   2          //读取温度程序
  27   2          if(flag_200ms)
  28   2          {
  29   3            flag_200ms = 0;
  30   3            Get18B20Temp(&tem);
  31   3            tem >>= 4;          //分离温度整数部分
  32   3            if((tem > 0) && (tem < 99))
  33   3              Real_temper = tem;
  34   3            Start18B20();
  35   3            
  36   3            if(flag_write)
  37   3            {
  38   4              if(index == 0)
  39   4                Write_E2PROM(0x00, temper_high);
  40   4              else if(index == 1)
  41   4                Write_E2PROM(0x01, temper_low);
  42   4              else if(index == 2)
  43   4                Write_E2PROM(0x02, 0x23);
  44   4              else if(index == 3)
  45   4                flag_write = 0;
  46   4              index ++;
  47   4            }
  48   3            else
  49   3              index = 0;
  50   3          }
  51   2          
  52   2          if(Real_temper > temper_high)
  53   2            flag_pwm = 1;
  54   2          else if(Real_temper < temper_low)
C51 COMPILER V9.59.0.0   MAIN                                                              03/12/2019 12:16:13 PAGE 2   

  55   2            flag_relay = 1;
  56   2          else
  57   2          {
  58   3            PWM = 1;
  59   3            flag_pwm = 0;
  60   3            flag_relay = 0;
  61   3          }
  62   2          
  63   2          KeyPress();
  64   2          TubeShow();
  65   2        }
  66   1      }


MODULE INFORMATION:   STATIC OVERLAYABLE
   CODE SIZE        =    206    ----
   CONSTANT SIZE    =   ----    ----
   XDATA SIZE       =   ----    ----
   PDATA SIZE       =   ----    ----
   DATA SIZE        =      5       2
   IDATA SIZE       =   ----    ----
   BIT SIZE         =      4    ----
END OF MODULE INFORMATION.


C51 COMPILATION COMPLETE.  0 WARNING(S),  0 ERROR(S)
