C51 COMPILER V9.59.0.0   SYS                                                               03/12/2019 12:16:12 PAGE 1   


C51 COMPILER V9.59.0.0, COMPILATION OF MODULE SYS
OBJECT MODULE PLACED IN ..\OBJ\sys.obj
COMPILER INVOKED BY: D:\Keil_v5\C51\BIN\C51.EXE ..\SYSTEM\sys.c OPTIMIZE(8,SPEED) BROWSE INCDIR(..\INC) DEBUG OBJECTEXTE
                    -ND PRINT(..\OBJ\sys.lst) TABS(2) OBJECT(..\OBJ\sys.obj)

line level    source

   1          #include "sys.h"
   2          
   3          void AllInit(void)
   4          {
   5   1        P2 = (P2 & 0x1f) | 0x80;
   6   1        P0 = 0xff;
   7   1        P2 = (P2 & 0x1f) | 0xc0;
   8   1        P0 = 0x00;
   9   1        P2 = (P2 & 0x1f) | 0xa0;
  10   1        P0 = 0x00;
  11   1        P2 = P2 & 0x1f;
  12   1      }
  13          
  14          void Timer0Init(void)   //100us@11.0592MHz
  15          {
  16   1        AUXR |= 0x80;   //定时器时钟1T模式
  17   1        TMOD &= 0xF0;   //设置定时器模式
  18   1        TL0 = 0xAE;   //设置定时初值
  19   1        TH0 = 0xFB;   //设置定时初值
  20   1        TF0 = 0;    //清除TF0标志
  21   1        TR0 = 1;    //定时器0开始计时
  22   1        ET0 = 1;
  23   1      }
  24          
  25          void Timer0(void) interrupt 1
  26          {
  27   1        static u16 T0count1 = 0;
  28   1        static u8 Tocount2 = 0;
  29   1        static u8 index = 0;
  30   1        
  31   1        index ++;
  32   1        T0count1 ++;
  33   1        Tocount2 ++;
  34   1        if(T0count1 >= 2000)  //200ms
  35   1        {
  36   2          T0count1 = 0;
  37   2          flag_200ms = 1;
  38   2        }
  39   1        
  40   1        if(Tocount2 >= 20)    //2ms
  41   1        {
  42   2          Tocount2 = 0;
  43   2          KeyScan();
  44   2          TubeScan();
  45   2        }
  46   1        
  47   1        //P34输出PWM控制程序
  48   1        if(flag_pwm == 1)
  49   1        {
  50   2          if(index < 3)
  51   2            PWM = 1;
  52   2          else if(index >= 3)
  53   2          {
  54   3            PWM = 0;
C51 COMPILER V9.59.0.0   SYS                                                               03/12/2019 12:16:12 PAGE 2   

  55   3            if(index >= 10)
  56   3              index = 0;
  57   3          }   
  58   2        }
  59   1        else
  60   1          index = 0;
  61   1        
  62   1        //继电器控制程序
  63   1        if(flag_relay)
  64   1        {
  65   2          P0 = 0x00;
  66   2          P2 = (P2 & 0x1f) | 0xa0;
  67   2          P04 = 1;
  68   2          P2 = P2 & 0x1f;
  69   2        }
  70   1        else
  71   1        {
  72   2          P0 = 0x00;
  73   2          P2 = (P2 & 0x1f) | 0xa0;
  74   2          P04 = 0;
  75   2          P2 = P2 & 0x1f;
  76   2        }
  77   1      }
  78          


MODULE INFORMATION:   STATIC OVERLAYABLE
   CODE SIZE        =    244    ----
   CONSTANT SIZE    =   ----    ----
   XDATA SIZE       =   ----    ----
   PDATA SIZE       =   ----    ----
   DATA SIZE        =      4    ----
   IDATA SIZE       =   ----    ----
   BIT SIZE         =   ----    ----
END OF MODULE INFORMATION.


C51 COMPILATION COMPLETE.  0 WARNING(S),  0 ERROR(S)
