C51 COMPILER V9.59.0.0   DISPLAY                                                           03/16/2019 14:13:31 PAGE 1   


C51 COMPILER V9.59.0.0, COMPILATION OF MODULE DISPLAY
OBJECT MODULE PLACED IN ..\OBJ\display.obj
COMPILER INVOKED BY: F:\Keil_v5\C51\BIN\C51.EXE ..\HARDWARE\display.c LARGE OPTIMIZE(8,SPEED) BROWSE INCDIR(..\INC) DEBU
                    -G OBJECTEXTEND PRINT(..\OBJ\display.lst) TABS(2) OBJECT(..\OBJ\display.obj)

line level    source

   1          #include "sys.h"
   2          
   3          unsigned char code table[]={0xc0, 0xf9, 0xa4, 0xb0, 0x99, 0x92, 0x82, 0xf8, 
   4                                      0x80, 0x90, 0x88, 0x83, 0xc6, 0xa1, 0x86, 0x8e,
   5                                      0xff, 0xbf};
   6          unsigned char TubeBuff[] = {0xff, 0xff, 0xff, 0xff, 0xff, 0xff, 0xff, 0xff};
   7          unsigned char smg1, smg2, smg3, smg4, smg5, smg6, smg7, smg8;
   8          
   9          void TubeScan(void)
  10          {
  11   1        static u8 index = 0;
  12   1        
  13   1        P0 = 0x00;
  14   1        P2 = (P2 & 0x1f) | 0xc0;
  15   1        P0 = 0x01 << index;
  16   1        P2 = P2 & 0x1f;
  17   1        
  18   1        P0 = 0xff;
  19   1        P2 = (P2 & 0x1f) | 0xe0;
  20   1        P0 = TubeBuff[index];
  21   1        P2 = P2 & 0x1f;
  22   1        
  23   1        index ++;
  24   1        index &= 0x07;
  25   1      }
  26          
  27          void TubeShow(void)
  28          {
  29   1        if(mode == 1)
  30   1        {
  31   2          if(mode_time == 0)
  32   2          {
  33   3            smg1 = Realtime[3] >> 4;
  34   3            smg2 = Realtime[3] & 0x0f;
  35   3            smg4 = Realtime[4] >> 4;
  36   3            smg5 = Realtime[4] & 0x0f;
  37   3            smg7 = Realtime[5] >> 4;
  38   3            smg8 = Realtime[5] & 0x0f;
  39   3            
  40   3            if(smg8 % 2 == 0)
  41   3              smg3 = smg6 = 16;
  42   3            else
  43   3              smg3 = smg6 = 17;
  44   3          }
  45   2          else if(mode_time > 0)
  46   2          {
  47   3            smg1 = Backuptime[3] >> 4;
  48   3            smg2 = Backuptime[3] & 0x0f;
  49   3            smg3 = smg6 = 17;
  50   3            smg4 = Backuptime[4] >> 4;
  51   3            smg5 = Backuptime[4] & 0x0f;
  52   3            smg7 = Backuptime[5] >> 4;
  53   3            smg8 = Backuptime[5] & 0x0f;
  54   3            if(flag_1s)
C51 COMPILER V9.59.0.0   DISPLAY                                                           03/16/2019 14:13:31 PAGE 2   

  55   3            {
  56   4              switch(mode_time)
  57   4              {
  58   5                case 1: smg1 = smg2 = 16; break;
  59   5                case 2: smg4 = smg5 = 16; break;
  60   5                case 3: smg7 = smg8 = 16; break;
  61   5              }
  62   4            }
  63   3          }
  64   2        }
  65   1        else if(mode == 2)
  66   1        {
  67   2          if(mode_val == 0)
  68   2          {
  69   3            smg1 = smg3 = 17;
  70   3            smg2 = 1;
  71   3            smg4 = 16;
  72   3            smg5 = Real_val[3] / 10;
  73   3            smg6 = Real_val[3] % 10;
  74   3            smg7 = Real_val[4] / 10;
  75   3            smg8 = Real_val[4] % 10;
  76   3          }
  77   2          else
  78   2          {
  79   3            smg1 = Real_val[1] / 10;
  80   3            smg2 = Real_val[1] % 10;
  81   3            smg3 = smg4 = 0;
  82   3            smg5 = Real_val[2] / 10;
  83   3            smg6 = Real_val[2] % 10;
  84   3            smg7 = smg8 = 0;
  85   3            
  86   3            if(flag_1s)
  87   3            {
  88   4              if(mode_val == 1)
  89   4                smg1 = smg2 = smg3 = smg4 = 16;
  90   4              else if(mode_val == 2)
  91   4                smg5 = smg6 = smg7 = smg8 = 16;
  92   4            }
  93   3          }
  94   2        }
  95   1        else if(mode == 3)
  96   1        {
  97   2          if(flag_1s)
  98   2          {
  99   3            smg1 = smg2 = smg3 = smg4 = smg5 = smg6 = 16;
 100   3            smg7 = 0;
 101   3            smg8 = Val_time[7];
 102   3          }
 103   2          else
 104   2          {
 105   3            smg1 = Val_time[3] >> 4;
 106   3            smg2 = Val_time[3] &0x0f;
 107   3            smg3 = smg6 = 17;
 108   3            smg4 = Val_time[4] >> 4;
 109   3            smg5 = Val_time[4] &0x0f;
 110   3            smg7 = Val_time[5] >> 4;
 111   3            smg8 = Val_time[5] &0x0f;
 112   3          }
 113   2        }
 114   1        else if(mode == 4)
 115   1        {
 116   2          smg1 = smg3 = 17;
C51 COMPILER V9.59.0.0   DISPLAY                                                           03/16/2019 14:13:31 PAGE 3   

 117   2          smg2 = 2;
 118   2          
 119   2          if(mode_fre == 1)
 120   2          {
 121   3            smg4 = fre / 10000;
 122   3            smg5 = (fre % 10000) / 1000;
 123   3            smg6 = (fre % 1000) / 100;
 124   3            smg7 = (fre % 100) /10;
 125   3            smg8 = fre % 10;
 126   3          }
 127   2          else if(mode_fre == 2)
 128   2          {
 129   3            smg4 = fre_time / 10000;
 130   3            smg5 = (fre_time % 10000) / 1000;
 131   3            smg6 = (fre_time % 1000) / 100;
 132   3            smg7 = (fre_time % 100) /10;
 133   3            smg8 = fre_time % 10;
 134   3          }
 135   2        }
 136   1        else
 137   1          smg1 = smg2 = smg3 = smg4 = smg5 = smg6 = smg7 = smg8 = 16;
 138   1          
 139   1        TubeBuff[3] = table[smg1];
 140   1        TubeBuff[2] = table[smg2];
 141   1        TubeBuff[1] = table[smg3];
 142   1        TubeBuff[0] = table[smg4];
 143   1        TubeBuff[7] = table[smg5];
 144   1        TubeBuff[6] = table[smg6];
 145   1        TubeBuff[5] = table[smg7];
 146   1        TubeBuff[4] = table[smg8];
 147   1      }
 148          


MODULE INFORMATION:   STATIC OVERLAYABLE
   CODE SIZE        =   1045    ----
   CONSTANT SIZE    =     18    ----
   XDATA SIZE       =     17    ----
   PDATA SIZE       =   ----    ----
   DATA SIZE        =   ----    ----
   IDATA SIZE       =   ----    ----
   BIT SIZE         =   ----    ----
END OF MODULE INFORMATION.


C51 COMPILATION COMPLETE.  0 WARNING(S),  0 ERROR(S)
