C51 COMPILER V9.59.0.0   MAIN                                                              03/16/2019 14:13:32 PAGE 1   


C51 COMPILER V9.59.0.0, COMPILATION OF MODULE MAIN
OBJECT MODULE PLACED IN ..\OBJ\main.obj
COMPILER INVOKED BY: F:\Keil_v5\C51\BIN\C51.EXE main.c LARGE OPTIMIZE(8,SPEED) BROWSE INCDIR(..\INC) DEBUG OBJECTEXTEND 
                    -PRINT(..\OBJ\main.lst) TABS(2) OBJECT(..\OBJ\main.obj)

line level    source

   1          #include <stc15.h>
   2          #include "sys.h"
   3          
   4          bit flag_100ms = 0, flag_1s = 0, flag_5ms = 0, flag_500ms = 0;
   5          bit flag_change = 0, flag_write = 0;
   6          bit flag_valtext = 0, flag_fretext = 0, flag_val = 1;
   7          bit flag_readtime = 1;
   8          u8 mode_time = 0, mode_val = 0, mode_fre = 0;
   9          u8 mode = 0;
  10          u8 Realtime[] = {0x19, 0x03, 0x15, 0x23, 0x59, 0x55, 0x05};
  11          u8 Backuptime[] = {0x19, 0x03, 0x15, 0x23, 0x59, 0x55, 0x05};
  12          u8 Val_time[] = {0x19, 0x03, 0x15, 0x23, 0x59, 0x55, 0x05, 0};
  13          u8 Real_val[] = {0xdd, 20, 15, 0, 0};
  14          u16 counter = 0, fre, fre_time;
  15          
  16          void Delay5ms()   //@11.0592MHz
  17          {
  18   1        unsigned char i, j;
  19   1      
  20   1        i = 54;
  21   1        j = 199;
  22   1        do
  23   1        {
  24   2          while (--j);
  25   2        } while (--i);
  26   1      }
  27          
  28          
  29          void main(void)
  30          {
  31   1        static u8 index = 0;
  32   1        
  33   1        AllInit();
  34   1        Timer0Init();
  35   1        Timer1Init();
  36   1        InitDS1302(Realtime);
  37   1        
  38   1        if(Read_E2PROM(0) == 0xdd)
  39   1        {
  40   2          Real_val[1] = Read_E2PROM(1);
  41   2          Real_val[2] = Read_E2PROM(2);
  42   2        }
  43   1        else
  44   1        {
  45   2          Write_E2PROM(0, Real_val[0]);
  46   2          Delay5ms();
  47   2          Write_E2PROM(1, Real_val[1]);
  48   2          Delay5ms();
  49   2          Write_E2PROM(2, Real_val[2]);
  50   2          Delay5ms();
  51   2        }
  52   1        if(Read_E2PROM(3) < 2)
  53   1        {
  54   2          Val_time[7] = Read_E2PROM(3);
C51 COMPILER V9.59.0.0   MAIN                                                              03/16/2019 14:13:32 PAGE 2   

  55   2          Val_time[3] = Read_E2PROM(4);
  56   2          Val_time[4] = Read_E2PROM(5);
  57   2          Val_time[5] = Read_E2PROM(6);
  58   2        }
  59   1      
  60   1        EA = 1;
  61   1        
  62   1        while(1)
  63   1        {
  64   2          if(flag_100ms)
  65   2          {
  66   3            flag_100ms = 0;
  67   3            GetRealTime(Realtime);
  68   3            Real_val[3] = (u8)(Read_AIN(0x03) / 100);
  69   3            Real_val[4] = (u8)(Read_AIN(0x03) % 100);
  70   3            
  71   3            //测电压
  72   3            if(flag_valtext)
  73   3            {
  74   4              if(flag_val == 0)
  75   4              {
  76   5                if((Real_val[3] < Real_val[1]) && (Real_val[3] > Real_val[2]))
  77   5                  flag_val = 1;
  78   5              }
  79   4              
  80   4              if((Real_val[3] >= Real_val[1]) && flag_val)  //上限
  81   4              {
  82   5                flag_write = 1;
  83   5                Val_time[7] = 1;
  84   5                flag_val = 0;
  85   5              }
  86   4              else if((Real_val[3] <= Real_val[2]) && flag_val) //下限
  87   4              {
  88   5                flag_write = 1;
  89   5                Val_time[7] = 0;
  90   5                flag_val = 0;
  91   5              }
  92   4              if(flag_write)    //读取电压事件时的时间
  93   4              {
  94   5                Val_time[3] = Realtime[3];
  95   5                Val_time[4] = Realtime[4];
  96   5                Val_time[5] = Realtime[5];
  97   5              }
  98   4            }
  99   3          }
 100   2          
 101   2          //写事件类型和时间
 102   2          if(flag_write)
 103   2          {
 104   3            if(flag_5ms)
 105   3            {
 106   4              flag_5ms = 0;
 107   4              switch(index)
 108   4              {
 109   5                case 0: Write_E2PROM(3, Val_time[7]); break;
 110   5                case 1: Write_E2PROM(4, Val_time[3]); break;
 111   5                case 2: Write_E2PROM(5, Val_time[4]); break;
 112   5                case 3: Write_E2PROM(6, Val_time[5]); flag_write = 0; break;
 113   5              }
 114   4              index ++;
 115   4              index &= 0x03;
 116   4            }
C51 COMPILER V9.59.0.0   MAIN                                                              03/16/2019 14:13:32 PAGE 3   

 117   3          }
 118   2          
 119   2          //测频
 120   2          if(flag_fretext)
 121   2          {
 122   3            if(flag_500ms)
 123   3            {
 124   4              TR0 = 0;
 125   4              flag_500ms = 0;
 126   4              counter = TH0 * 256 + TL0;
 127   4              TH0 = TL0 = 0;
 128   4              fre = counter * 2;
 129   4              fre_time = (u16)(1000000 / fre);
 130   4              TR0 = 1;
 131   4            }
 132   3          }
 133   2          
 134   2          //备份时间
 135   2          if(flag_readtime == 1)  
 136   2          {
 137   3            Backuptime[3] = Realtime[3];
 138   3            Backuptime[4] = Realtime[4];
 139   3            Backuptime[5] = Realtime[5];
 140   3          }
 141   2          
 142   2          KeyPress();
 143   2          TubeShow();
 144   2        }
 145   1      }


MODULE INFORMATION:   STATIC OVERLAYABLE
   CODE SIZE        =    502    ----
   CONSTANT SIZE    =   ----    ----
   XDATA SIZE       =     38    ----
   PDATA SIZE       =   ----    ----
   DATA SIZE        =   ----    ----
   IDATA SIZE       =   ----    ----
   BIT SIZE         =     10    ----
END OF MODULE INFORMATION.


C51 COMPILATION COMPLETE.  0 WARNING(S),  0 ERROR(S)
