C51 COMPILER V9.59.0.0   SYS                                                               03/16/2019 14:13:32 PAGE 1   


C51 COMPILER V9.59.0.0, COMPILATION OF MODULE SYS
OBJECT MODULE PLACED IN ..\OBJ\sys.obj
COMPILER INVOKED BY: F:\Keil_v5\C51\BIN\C51.EXE ..\SYSTEM\sys.c LARGE OPTIMIZE(8,SPEED) BROWSE INCDIR(..\INC) DEBUG OBJE
                    -CTEXTEND PRINT(..\OBJ\sys.lst) TABS(2) OBJECT(..\OBJ\sys.obj)

line level    source

   1          #include "sys.h"
   2          
   3          void AllInit(void)
   4          {
   5   1        P2 = (P2 & 0x1f) | 0x80;
   6   1        P0 = 0xff;
   7   1        P2 = (P2 & 0x1f) | 0xc0;
   8   1        P0 = 0x00;
   9   1        P2 = (P2 & 0x1f) | 0xa0;
  10   1        P0 = 0x00;
  11   1        P2 = P2 & 0x1f;
  12   1      }
  13          
  14          void Timer1Init(void)   //1毫秒@11.0592MHz
  15          {
  16   1        AUXR |= 0x40;   //定时器时钟1T模式
  17   1        TMOD &= 0x0F;   //设置定时器模式
  18   1        TL1 = 0xCD;   //设置定时初值
  19   1        TH1 = 0xD4;   //设置定时初值
  20   1        TF1 = 0;    //清除TF1标志
  21   1        TR1 = 1;    //定时器1开始计时
  22   1        ET1 = 1;
  23   1      }
  24          
  25          void Time1(void) interrupt 3
  26          {
  27   1        static u16 T1count1 = 0, T1count2 = 0;
  28   1        
  29   1        T1count1 ++;
  30   1        
  31   1        if(T1count1 % 2 == 0)   //2ms
  32   1          TubeScan();
  33   1        if(T1count1 % 5 == 0)   //5ms
  34   1          flag_5ms = 1;
  35   1        if(T1count1 % 100 == 0) //100ms
  36   1          flag_100ms = 1;
  37   1        if(T1count1 >= 500)     //500ms
  38   1        {
  39   2          T1count1 = 0;
  40   2          if(flag_fretext)
  41   2            flag_500ms = 1;
  42   2        }
  43   1        
  44   1        if(mode_time || mode_val || (mode == 3))
  45   1        {
  46   2          T1count2 ++;
  47   2          if(T1count2 >= 1000)  //1s
  48   2          {
  49   3            T1count2 = 0;
  50   3            flag_1s = ~flag_1s;
  51   3          }
  52   2        }
  53   1        else
  54   1          T1count2 = 0;
C51 COMPILER V9.59.0.0   SYS                                                               03/16/2019 14:13:32 PAGE 2   

  55   1        
  56   1        KeyScan();
  57   1      }
  58          
  59          void Timer0Init(void)
  60          {
  61   1        AUXR &= 0x7F;         //定时器时钟12T模式
  62   1        TMOD = 0x04;          //设置定时器0为16位自动重装载外部记数模式
  63   1        TH0 = TL0 = 0;        //设置定时器0初始值
  64   1        TR0 = 1;              //定时器0开始工作
  65   1      }
  66          


MODULE INFORMATION:   STATIC OVERLAYABLE
   CODE SIZE        =    282    ----
   CONSTANT SIZE    =   ----    ----
   XDATA SIZE       =      4    ----
   PDATA SIZE       =   ----    ----
   DATA SIZE        =   ----    ----
   IDATA SIZE       =   ----    ----
   BIT SIZE         =   ----    ----
END OF MODULE INFORMATION.


C51 COMPILATION COMPLETE.  0 WARNING(S),  0 ERROR(S)
