C51 COMPILER V9.59.0.0   DS18B20                                                           05/10/2019 00:57:54 PAGE 1   


C51 COMPILER V9.59.0.0, COMPILATION OF MODULE DS18B20
OBJECT MODULE PLACED IN ..\OBJ\ds18b20.obj
COMPILER INVOKED BY: F:\Keil_v5\C51\BIN\C51.EXE ..\HARDWARE\ds18b20.c LARGE OPTIMIZE(8,SPEED) BROWSE INCDIR(..\INC) DEBU
                    -G OBJECTEXTEND PRINT(..\OBJ\ds18b20.lst) TABS(2) OBJECT(..\OBJ\ds18b20.obj)

line level    source

   1          #include "sys.h"
   2          
   3          sbit DQ = P1^4;  //单总线接口
   4          
   5          //单总线延时函数
   6          void Delay_OneWire(unsigned int t)  
   7          {
   8   1        unsigned char i;
   9   1        while(t--){
  10   2          for(i=0; i<8; i++);
  11   2        }
  12   1      }
  13          
  14          
  15          //通过单总线向DS18B20写一个字节
  16          void Write_DS18B20(unsigned char dat)
  17          {
  18   1        unsigned char i;
  19   1        for(i=0;i<8;i++)
  20   1        {
  21   2          DQ = 0;
  22   2          DQ = dat&0x01;
  23   2          Delay_OneWire(5);
  24   2          DQ = 1;
  25   2          dat >>= 1;
  26   2        }
  27   1        Delay_OneWire(5);
  28   1      }
  29          
  30          //从DS18B20读取一个字节
  31          unsigned char Read_DS18B20(void)
  32          {
  33   1        unsigned char i;
  34   1        unsigned char dat;
  35   1        
  36   1        for(i=0;i<8;i++)
  37   1        {
  38   2          DQ = 0;
  39   2          dat >>= 1;
  40   2          DQ = 1;
  41   2          if(DQ)
  42   2          {
  43   3            dat |= 0x80;
  44   3          }     
  45   2          Delay_OneWire(5);
  46   2        }
  47   1        return dat;
  48   1      }
  49          
  50          //DS18B20设备初始化
  51          bit init_ds18b20(void)
  52          {
  53   1          bit initflag = 0;
  54   1          
C51 COMPILER V9.59.0.0   DS18B20                                                           05/10/2019 00:57:54 PAGE 2   

  55   1          DQ = 1;
  56   1          Delay_OneWire(12);
  57   1          DQ = 0;
  58   1          Delay_OneWire(80);
  59   1          DQ = 1;
  60   1          Delay_OneWire(10); 
  61   1            initflag = DQ;     
  62   1          Delay_OneWire(5);
  63   1        
  64   1          return initflag;
  65   1      }
  66          
  67          //开始温度转换
  68          void Trans_temper()
  69          { 
  70   1        init_ds18b20();         //初始化
  71   1        Write_DS18B20(0xcc);    //跳过ROM,因为只有一个DS18B20
  72   1        Write_DS18B20(0x44);    //启动温度转换
  73   1      }
  74          
  75          //读取温度
  76          int Gettemper()
  77          {
  78   1        unsigned char higt, low;  //定义高八位低八位
  79   1        unsigned int temper;      //温度值
  80   1        
  81   1        init_ds18b20();         //初始化
  82   1        Write_DS18B20(0xcc);    //跳过ROM,因为只有一个DS18B20
  83   1        Write_DS18B20(0xbe);
  84   1        
  85   1        low = Read_DS18B20();
  86   1        higt = Read_DS18B20();
  87   1        temper = ((unsigned int)higt << 8) | low;
  88   1        
  89   1        return temper;
  90   1      }
  91          
  92          
  93          
  94          


MODULE INFORMATION:   STATIC OVERLAYABLE
   CODE SIZE        =    182    ----
   CONSTANT SIZE    =   ----    ----
   XDATA SIZE       =   ----    ----
   PDATA SIZE       =   ----    ----
   DATA SIZE        =   ----    ----
   IDATA SIZE       =   ----    ----
   BIT SIZE         =   ----       1
END OF MODULE INFORMATION.


C51 COMPILATION COMPLETE.  0 WARNING(S),  0 ERROR(S)
