C51 COMPILER V9.59.0.0   SYS                                                               05/10/2019 00:57:55 PAGE 1   


C51 COMPILER V9.59.0.0, COMPILATION OF MODULE SYS
OBJECT MODULE PLACED IN ..\OBJ\sys.obj
COMPILER INVOKED BY: F:\Keil_v5\C51\BIN\C51.EXE ..\SYSTEM\sys.c LARGE OPTIMIZE(8,SPEED) BROWSE INCDIR(..\INC) DEBUG OBJE
                    -CTEXTEND PRINT(..\OBJ\sys.lst) TABS(2) OBJECT(..\OBJ\sys.obj)

line level    source

   1          #include "sys.h"
   2          
   3          void Delay5ms()   //@12.000MHz
   4          {
   5   1        unsigned char i, j;
   6   1      
   7   1        i = 59;
   8   1        j = 90;
   9   1        do
  10   1        {
  11   2          while (--j);
  12   2        } while (--i);
  13   1      }
  14          
  15          void Check_data(void)
  16          {
  17   1        if(Read_E2PROM(0x00) == 0x16)
  18   1        {
  19   2          H_Fre = ((u16)(Read_E2PROM(0x01) << 8)) | (Read_E2PROM(0x02));
  20   2          H_Temper_int = ((u16)(Read_E2PROM(0x03) << 8)) | (Read_E2PROM(0x04));
  21   2          H_Temper_dec = ((u16)(Read_E2PROM(0x05) << 8)) | (Read_E2PROM(0x06));
  22   2          H_Vol = Read_E2PROM(0x07);
  23   2        }
  24   1        else
  25   1        {
  26   2           Write_E2PROM(0x00, 0x16); Delay5ms();
  27   2           Write_E2PROM(0x01, 0); Delay5ms();
  28   2           Write_E2PROM(0x02, 0); Delay5ms();
  29   2           Write_E2PROM(0x03, 0); Delay5ms();
  30   2           Write_E2PROM(0x04, 0); Delay5ms();
  31   2           Write_E2PROM(0x05, 0); Delay5ms();
  32   2           Write_E2PROM(0x06, 0); Delay5ms();
  33   2           Write_E2PROM(0x07, 0);
  34   2        }
  35   1      }
  36          
  37          void AllInit(void)
  38          {
  39   1        P2 = (P2 & 0x1f) | 0x80;
  40   1        P0 = 0xff;
  41   1        P2 = (P2 & 0x1f) | 0xc0;
  42   1        P0 = 0x00;
  43   1        P2 = (P2 & 0x1f) | 0xa0;
  44   1        P0 = 0x00;
  45   1        P2 = P2 & 0x1f;
  46   1      }
  47          
  48          void Timer0Init(void)
  49          {
  50   1        AUXR &= 0x7F;             //定时器时钟12T模式
  51   1        TMOD = 0x04;                    //设置定时器0为16位自动重装载外部记数模式
  52   1        TH0 = TL0 = 0x00;               //设置定时器0初始值
  53   1        TR0 = 1;                        //定时器0开始工作
  54   1        ET0 = 1;                        //开定时器0中断
C51 COMPILER V9.59.0.0   SYS                                                               05/10/2019 00:57:55 PAGE 2   

  55   1      }
  56          
  57          void Timer1Init(void)   //1毫秒@12.000MHz
  58          {
  59   1        AUXR |= 0x40;   //定时器时钟1T模式
  60   1        TMOD &= 0x0F;   //设置定时器模式
  61   1        TL1 = 0x20;   //设置定时初值
  62   1        TH1 = 0xD1;   //设置定时初值
  63   1        TF1 = 0;    //清除TF1标志
  64   1        TR1 = 1;    //定时器1开始计时
  65   1        ET1 = 1;
  66   1      }
  67          
  68          void Timer1(void) interrupt 3
  69          {
  70   1        static u16 t00 = 0, t01 = 0, t03 = 0;
  71   1        static u8 t02 = 0;
  72   1        static u8 leddat = 0;
  73   1        static bit temp = 1;
  74   1        u8 ledtemp;
  75   1        
  76   1        t00 ++; t01 ++; t02 ++;
  77   1        
  78   1        if(flag_keep)
  79   1        {
  80   2          if(t02 % 5 == 0)
  81   2            flag_5ms = 1;
  82   2        }
  83   1        
  84   1        if(t02 >= 200)
  85   1        {
  86   2          t02 = 0;
  87   2          flag_200ms = 1;
  88   2          
  89   2          if(Vol > VTH)
  90   2            temp = ~temp;   //实现L8闪烁
  91   2        }
  92   1        if(t01 >= 500)
  93   1        {
  94   2          t01 = 0;
  95   2          flag_500ms = 1;
  96   2        }
  97   1        if(t00 >= 1000)
  98   1        {
  99   2          t00 = 0;
 100   2          flag_1s = 1;
 101   2        }
 102   1        
 103   1        //S6长按键800ms检测程序
 104   1        if(flag_S6_Press)
 105   1        {
 106   2          t03 ++;
 107   2          if(t03 >= 800)
 108   2          {
 109   3            t03 = 0;
 110   3            flag_S6_LongPress = 1;
 111   3          }
 112   2          if(flag_S6_LongPress)
 113   2          {
 114   3            if(t03 >= 100)
 115   3            {
 116   4              t03 = 0;
C51 COMPILER V9.59.0.0   SYS                                                               05/10/2019 00:57:55 PAGE 3   

 117   4              VTH += 1;
 118   4              if(VTH > 50)
 119   4                VTH = 1;
 120   4            }
 121   3          }
 122   2        }
 123   1        else
 124   1        {
 125   2          t03 = 0;
 126   2          flag_S6_LongPress = 0;
 127   2        }
 128   1        
 129   1        if(mode == 3)       //温度测量 L1亮
 130   1          leddat = 0xfe;
 131   1        else if(mode == 2)  //频率测量 L2亮
 132   1          leddat = 0xfd;
 133   1        else if(mode == 1)  //电压测量 L3亮
 134   1          leddat = 0xfb;
 135   1        else
 136   1          leddat = 0xff;
 137   1        
 138   1        //实现L8闪烁程序
 139   1        if(mode != 4)
 140   1        {
 141   2          if(Vol > VTH)
 142   2          {
 143   3            ledtemp = (u8)temp << 7;
 144   3            ledtemp = 0xff - ledtemp;
 145   3            leddat &= ledtemp;
 146   3          }
 147   2        }
 148   1        
 149   1        KeyScan();
 150   1        TubeShow();
 151   1        TubeScan();
 152   1        LedWork(leddat);  
 153   1      }
 154          
 155          
 156          
 157          
 158          
 159          
 160          


MODULE INFORMATION:   STATIC OVERLAYABLE
   CODE SIZE        =    658    ----
   CONSTANT SIZE    =   ----    ----
   XDATA SIZE       =      8    ----
   PDATA SIZE       =   ----    ----
   DATA SIZE        =   ----    ----
   IDATA SIZE       =   ----    ----
   BIT SIZE         =      1    ----
END OF MODULE INFORMATION.


C51 COMPILATION COMPLETE.  0 WARNING(S),  0 ERROR(S)
