C51 COMPILER V9.59.0.0   KEY                                                               03/11/2019 16:39:35 PAGE 1   


C51 COMPILER V9.59.0.0, COMPILATION OF MODULE KEY
OBJECT MODULE PLACED IN ..\OBJ\key.obj
COMPILER INVOKED BY: F:\Keil_v5\C51\BIN\C51.EXE ..\HARDWARE\key.c OPTIMIZE(8,SPEED) BROWSE INCDIR(..\INC) DEBUG OBJECTEX
                    -TEND PRINT(..\OBJ\key.lst) TABS(2) OBJECT(..\OBJ\key.obj)

line level    source

   1          #include "sys.h"
   2          
   3          u8 KeySta[] = {1, 1, 1, 1};     //键值存储区
   4          u8 Keybackup[] = {1, 1, 1, 1};  //键值备份区
   5          
   6          sbit S4 = P3^3;
   7          sbit S5 = P3^2;
   8          sbit S6 = P3^1;
   9          sbit S7 = P3^0;
  10          
  11          //按键扫描函数，在定时器中断里调用
  12          void Key_Scan(void)
  13          {
  14   1        static u8 Keybuff[] = {0xff, 0xff, 0xff, 0xff}; //按键缓冲区
  15   1        u8 i = 0;
  16   1        
  17   1        Keybuff[0] = (Keybuff[0] << 1) | S7;
  18   1        Keybuff[1] = (Keybuff[1] << 1) | S6;
  19   1        Keybuff[2] = (Keybuff[2] << 1) | S5;
  20   1        Keybuff[3] = (Keybuff[3] << 1) | S4;
  21   1        
  22   1        for(i = 0; i < 4; i++)
  23   1        {
  24   2          if(Keybuff[i] == 0xff)        //按键松开
  25   2            KeySta[i] = 1;
  26   2          else if(Keybuff[i] == 0x00)   //按键按下
  27   2            KeySta[i] = 0;
  28   2          else        //键值不稳定
  29   2          {}
  30   2        }
  31   1      }
  32          
  33          void Key_drive(u8 key)
  34          {
  35   1        //手动模式
  36   1        if(mode == 0) 
  37   1        {
  38   2          if(key == 0)      //S7 切换工作状态
  39   2            mode = 1;
  40   2          else if(key == 1) //S6 开关蜂鸣器
  41   2            flag_buzz = ~flag_buzz;
  42   2          else if(key == 2) //S5 打开灌溉系统
  43   2            flag_relay = 1;
  44   2          else if(key == 3) //S4 关闭灌溉系统
  45   2            flag_relay = 0;
  46   2        }
  47   1        
  48   1        //自动模式
  49   1        else if(mode == 1)
  50   1        {
  51   2          if(key == 0)      //切换工作状态
  52   2            mode = 0;
  53   2          else if(key == 1) //S6 湿度阈值调整按键
  54   2          {
C51 COMPILER V9.59.0.0   KEY                                                               03/11/2019 16:39:35 PAGE 2   

  55   3            if(flag_option == 0)      //进入设置模式
  56   3              flag_option = 1;
  57   3            else if(flag_option == 1) //退出设置模式并写E2PROM
  58   3            {
  59   4              flag_option = 0;
  60   4              flag_write = 1;
  61   4            }
  62   3          }
  63   2          else if((key == 2) && (flag_option == 1)) //S5 +1
  64   2          {
  65   3            wet_value ++;
  66   3            if(wet_value >= 99)
  67   3              wet_value = 99;
  68   3          }
  69   2          else if((key == 3) && (flag_option == 1)) //S4 -1
  70   2          {
  71   3            wet_value --;
  72   3            if(wet_value <= 0)
  73   3              wet_value = 0;
  74   3          }
  75   2        }
  76   1      }
  77          
  78          //检测按键是否按下，在main函数调用
  79          void Key_press(void)
  80          {
  81   1        u8 i;
  82   1        
  83   1        for(i = 0; i < 4; i ++)
  84   1        {
  85   2          if(KeySta[i] != Keybackup[i])
  86   2          {
  87   3            if(Keybackup[i] != 0)   //按键松开时操作
  88   3              Key_drive(i);
  89   3            Keybackup[i] = KeySta[i];
  90   3          }
  91   2        }
  92   1      }


MODULE INFORMATION:   STATIC OVERLAYABLE
   CODE SIZE        =    265    ----
   CONSTANT SIZE    =   ----    ----
   XDATA SIZE       =   ----    ----
   PDATA SIZE       =   ----    ----
   DATA SIZE        =     12    ----
   IDATA SIZE       =   ----    ----
   BIT SIZE         =   ----    ----
END OF MODULE INFORMATION.


C51 COMPILATION COMPLETE.  0 WARNING(S),  0 ERROR(S)
