C51 COMPILER V9.59.0.0   SYS                                                               03/11/2019 16:39:35 PAGE 1   


C51 COMPILER V9.59.0.0, COMPILATION OF MODULE SYS
OBJECT MODULE PLACED IN ..\OBJ\sys.obj
COMPILER INVOKED BY: F:\Keil_v5\C51\BIN\C51.EXE ..\SYSTEM\sys.c OPTIMIZE(8,SPEED) BROWSE INCDIR(..\INC) DEBUG OBJECTEXTE
                    -ND PRINT(..\OBJ\sys.lst) TABS(2) OBJECT(..\OBJ\sys.obj)

line level    source

   1          #include "sys.h"
   2          
   3          
   4          void All_Init(void)
   5          {
   6   1        P2 = (P2 & 0x1f) | 0x80;  //打开Y4C（LED）
   7   1        P0 = 0xff;      //关闭LED
   8   1        P2 = (P2 & 0x1f) | 0xe0;  //打开Y7C（数码管）
   9   1        P0 = 0xff;      //关闭数码管
  10   1        P2 = (P2 & 0x1f) | 0xa0;  //打开Y5C
  11   1        P0 = 0x00;      //关闭蜂鸣器、继电器
  12   1        P2 = P2 & 0x1f;     //关闭所有使能
  13   1      }
  14            
  15          void Timer0Init(void)   //2毫秒@11.0592MHz
  16          {
  17   1        AUXR |= 0x80;   //定时器时钟1T模式
  18   1        TMOD &= 0xF0;   //设置定时器模式
  19   1        TL0 = 0x9A;   //设置定时初值
  20   1        TH0 = 0xA9;   //设置定时初值
  21   1        TF0 = 0;    //清除TF0标志
  22   1        TR0 = 1;    //定时器0开始计时
  23   1        ET0 = 1;
  24   1      }
  25          
  26          void Timer0(void) interrupt 1
  27          {
  28   1        static u8 T0count1 = 0;
  29   1        
  30   1        //100ms定时程序
  31   1        T0count1 ++;
  32   1        if(T0count1 >= 50)      //100ms
  33   1        {
  34   2          T0count1 = 0;
  35   2          flag_100ms = 1;
  36   2        }
  37   1        
  38   1        if(flag_option == 0)
  39   1          Working_control();
  40   1        
  41   1        Nixie_Scan();
  42   1        Key_Scan();
  43   1      }
  44          
  45          void Working_control(void)
  46          { 
  47   1        //手动模式继电器控制程序
  48   1        if((mode == 0) && (flag_relay == 1))
  49   1        {
  50   2          Led_illume(0xfe);
  51   2          P0 = 0x00;
  52   2          P04 = 1;                  //打开继电器
  53   2          P2 = (P2 & 0x1f) | 0xa0;  //打开Y5C
  54   2          P2 = P2 & 0x1f;           //关闭所有使能
C51 COMPILER V9.59.0.0   SYS                                                               03/11/2019 16:39:35 PAGE 2   

  55   2        }
  56   1        else if((mode == 0) && (flag_relay == 0))
  57   1        {
  58   2          Led_illume(0xff);
  59   2          P0 = 0x00;
  60   2          P04 = 0;                  //关闭继电器
  61   2          P2 = (P2 & 0x1f) | 0xa0;  //打开Y5C
  62   2          P2 = P2 & 0x1f;           //关闭所有使能
  63   2        }
  64   1        
  65   1        //手动模式蜂鸣器控制程序
  66   1        if((real_wet < wet_value) && (flag_buzz == 1) && (mode == 0))
  67   1        {
  68   2          P2 = (P2 & 0x1f) | 0xa0;  //打开Y5C
  69   2          P06 = 1;                  //打开蜂鸣器
  70   2          P2 = P2 & 0x1f;           //关闭所有使能
  71   2        }
  72   1        else if(((real_wet >= wet_value) || (flag_buzz == 0)) && (mode == 0))
  73   1        {
  74   2          P06 = 0;                  //关闭蜂鸣器
  75   2          P2 = (P2 & 0x1f) | 0xa0;  //打开Y5C
  76   2          P2 = P2 & 0x1f;           //关闭所有使能
  77   2        }
  78   1        
  79   1        //自动模式继电器控制程序
  80   1        if((real_wet < wet_value) && (mode == 1))
  81   1        {
  82   2          Led_illume(0xfd);
  83   2          P0 = 0x00;
  84   2          P04 = 1;                  //打开继电器
  85   2          P2 = (P2 & 0x1f) | 0xa0;  //打开Y5C
  86   2          P2 = P2 & 0x1f;           //关闭所有使能
  87   2        }
  88   1        else if((real_wet >= wet_value) && (mode == 1))
  89   1        {
  90   2          Led_illume(0xff);
  91   2          P0 = 0x00;
  92   2          P04 = 0;                  //关闭继电器
  93   2          P2 = (P2 & 0x1f) | 0xa0;  //打开Y5C
  94   2          P2 = P2 & 0x1f;           //关闭所有使能
  95   2        }
  96   1      }


MODULE INFORMATION:   STATIC OVERLAYABLE
   CODE SIZE        =    292    ----
   CONSTANT SIZE    =   ----    ----
   XDATA SIZE       =   ----    ----
   PDATA SIZE       =   ----    ----
   DATA SIZE        =      1    ----
   IDATA SIZE       =   ----    ----
   BIT SIZE         =   ----    ----
END OF MODULE INFORMATION.


C51 COMPILATION COMPLETE.  0 WARNING(S),  0 ERROR(S)
