C51 COMPILER V9.59.0.0   DISPLAY                                                           03/06/2019 13:25:45 PAGE 1   


C51 COMPILER V9.59.0.0, COMPILATION OF MODULE DISPLAY
OBJECT MODULE PLACED IN ..\OBJ\display.obj
COMPILER INVOKED BY: F:\Keil_v5\C51\BIN\C51.EXE ..\HARDWARE\display.c OPTIMIZE(8,SPEED) BROWSE INCDIR(..\INC) DEBUG OBJE
                    -CTEXTEND PRINT(..\OBJ\display.lst) TABS(2) OBJECT(..\OBJ\display.obj)

line level    source

   1          #include "sys.h"
   2          
   3          unsigned char code table[]={0xc0, 0xf9, 0xa4, 0xb0, 0x99, 0x92, 0x82, 0xf8, 
   4                                      0x80, 0x90, 0x88, 0x83, 0xc6, 0xa1, 0x86, 0x8e,
   5                                      0xff, 0xbf};
   6          u8 TubeBuff[] = {0xff, 0xff, 0xff, 0xff, 0xff, 0xff, 0xff, 0xff};
   7          u8 smg1, smg2, smg3, smg4, smg5, smg6, smg7, smg8;
   8          
   9          void TubeScan(void)
  10          {
  11   1        static u8 index = 0;
  12   1        
  13   1        P2 = (P2 & 0x1f) | 0xe0;
  14   1        P0 = 0xff;
  15   1        
  16   1        P2 = (P2 & 0x1f) | 0xc0;
  17   1        P0 = 0x01 << index;
  18   1        
  19   1        P2 = (P2 & 0x1f) | 0xe0;
  20   1        P0 = TubeBuff[index];
  21   1        
  22   1        P2 = P2 & 0x1f;
  23   1        
  24   1        index ++;
  25   1        index &= 0x07;
  26   1      }
  27          
  28          void TubeShow(void)
  29          {
  30   1        if((mode >= 1) && (mode <= 3))
  31   1        {
  32   2          smg1 = smg3 = 17;   //-
  33   2          smg2 = mode;
  34   2          smg4 = 16;          //shut down
  35   2          smg5 = min / 10;    //min
  36   2          smg6 = min % 10;
  37   2          smg7 = sec / 10;        //sec
  38   2          smg8 = sec % 10;
  39   2        }
  40   1        else if(mode == 4)
  41   1        {
  42   2          smg1 = smg3 = 17;   //-
  43   2          smg2 = mode;
  44   2          smg4 = smg5 = 16;   //shut down
  45   2          smg6 = temper_int / 10;
  46   2          smg7 = temper_int % 10;
  47   2          smg8 = 12;          //c
  48   2        }
  49   1        
  50   1        TubeBuff[0] = table[smg1];
  51   1        TubeBuff[1] = table[smg2];
  52   1        TubeBuff[2] = table[smg3];
  53   1        TubeBuff[3] = table[smg4];
  54   1        TubeBuff[4] = table[smg5];
C51 COMPILER V9.59.0.0   DISPLAY                                                           03/06/2019 13:25:45 PAGE 2   

  55   1        TubeBuff[5] = table[smg6];
  56   1        if(mode != 4)
  57   1          TubeBuff[5] &= 0x7f;
  58   1      
  59   1        TubeBuff[6] = table[smg7];
  60   1        TubeBuff[7] = table[smg8];
  61   1      }
  62          
  63          
  64          void LEDWork(void)
  65          {
  66   1        u8 dat;
  67   1        
  68   1        dat = _crol_(0x7f, modebackup);
  69   1        P0 = 0xff;
  70   1        P2 = (P2 & 0x1f) | 0x80;
  71   1        if((sec != 0) || (min != 0))
  72   1          P0 = dat;
  73   1      
  74   1        P2 = P2 & 0x1f;
  75   1      }
  76          
  77          
  78          
  79          


MODULE INFORMATION:   STATIC OVERLAYABLE
   CODE SIZE        =    291    ----
   CONSTANT SIZE    =     18    ----
   XDATA SIZE       =   ----    ----
   PDATA SIZE       =   ----    ----
   DATA SIZE        =     17    ----
   IDATA SIZE       =   ----    ----
   BIT SIZE         =   ----    ----
END OF MODULE INFORMATION.


C51 COMPILATION COMPLETE.  0 WARNING(S),  0 ERROR(S)
