C51 COMPILER V9.59.0.0   KEY                                                               03/06/2019 13:25:45 PAGE 1   


C51 COMPILER V9.59.0.0, COMPILATION OF MODULE KEY
OBJECT MODULE PLACED IN ..\OBJ\key.obj
COMPILER INVOKED BY: F:\Keil_v5\C51\BIN\C51.EXE ..\HARDWARE\key.c OPTIMIZE(8,SPEED) BROWSE INCDIR(..\INC) DEBUG OBJECTEX
                    -TEND PRINT(..\OBJ\key.lst) TABS(2) OBJECT(..\OBJ\key.obj)

line level    source

   1          #include "sys.h"
   2          
   3          u8 KeySta[] = {1, 1, 1, 1};
   4          u8 KeyBackup[] = {1, 1, 1, 1};
   5          u8 KeyBuff[] = {0xff, 0xff, 0xff, 0xff};
   6          
   7          void KeyScan(void)
   8          {
   9   1        u8 i;
  10   1        
  11   1        KeyBuff[0] = (KeyBuff[0] << 1) | S7;
  12   1        KeyBuff[1] = (KeyBuff[1] << 1) | S6;
  13   1        KeyBuff[2] = (KeyBuff[2] << 1) | S5;
  14   1        KeyBuff[3] = (KeyBuff[3] << 1) | S4;
  15   1        
  16   1        for(i = 0; i < 4; i ++)
  17   1        {
  18   2          if(KeyBuff[i] == 0xff)        //Key release
  19   2            KeySta[i] = 1;
  20   2          else if(KeyBuff[i] == 0x00)   //Key press
  21   2            KeySta[i] = 0;
  22   2          else
  23   2          {}
  24   2        }
  25   1      }
  26          
  27          void KeyAction(unsigned char key)
  28          {
  29   1        if(key == 0)          //S7 temperture
  30   1        {   
  31   2          if(mode != 4)
  32   2          {
  33   3            mode = 4;
  34   3            flag_500ms = 1;
  35   3            flag_temper = 1;
  36   3          }
  37   2          else
  38   2          {
  39   3            flag_temper = 0;
  40   3            mode = modebackup;
  41   3          }
  42   2        }
  43   1        else if(key == 1)     //S6 stop
  44   1        {
  45   2          sec = 0;
  46   2          min = 0;
  47   2          flag_fan = 0;
  48   2        }
  49   1        else if(key == 2)     //S5 minter plus
  50   1        {
  51   2          min ++;
  52   2          if(min > 99)
  53   2            min = 99;
  54   2        }
C51 COMPILER V9.59.0.0   KEY                                                               03/06/2019 13:25:45 PAGE 2   

  55   1        else if(key == 3)     //S4  mode change
  56   1        {
  57   2          if(mode == 4)
  58   2          {
  59   3            modebackup ++;
  60   3            if(modebackup == 4)
  61   3              modebackup = 1;
  62   3          }
  63   2          else
  64   2          {
  65   3            mode ++;
  66   3            if(mode == 4)
  67   3              mode = 1;
  68   3            modebackup = mode;  //backup mode
  69   3          }
  70   2        }
  71   1      }
  72          
  73          void KeyPress(void)
  74          {
  75   1        u8 i;
  76   1        
  77   1        for(i = 0; i < 4; i ++)
  78   1        {
  79   2          if(KeySta[i] != KeyBackup[i])
  80   2          {
  81   3            if(KeySta[i] == 0)          //action when key press
  82   3              KeyAction(i);
  83   3            KeyBackup[i] = KeySta[i];
  84   3          }
  85   2        }
  86   1      }
  87          


MODULE INFORMATION:   STATIC OVERLAYABLE
   CODE SIZE        =    254    ----
   CONSTANT SIZE    =   ----    ----
   XDATA SIZE       =   ----    ----
   PDATA SIZE       =   ----    ----
   DATA SIZE        =     12    ----
   IDATA SIZE       =   ----    ----
   BIT SIZE         =   ----    ----
END OF MODULE INFORMATION.


C51 COMPILATION COMPLETE.  0 WARNING(S),  0 ERROR(S)
