C51 COMPILER V9.59.0.0   MAIN                                                              03/06/2019 13:25:46 PAGE 1   


C51 COMPILER V9.59.0.0, COMPILATION OF MODULE MAIN
OBJECT MODULE PLACED IN ..\OBJ\main.obj
COMPILER INVOKED BY: F:\Keil_v5\C51\BIN\C51.EXE main.c OPTIMIZE(8,SPEED) BROWSE INCDIR(..\INC) DEBUG OBJECTEXTEND PRINT(
                    -..\OBJ\main.lst) TABS(2) OBJECT(..\OBJ\main.obj)

line level    source

   1          #include <stc15.h>
   2          #include "sys.h"
   3          
   4          bit flag_2ms = 0, flag_500ms = 0;
   5          bit flag_fan = 0, flag_temper = 0;
   6          u8 mode = 1, modebackup = 1;
   7          signed char min = 2, sec = 0;   //time
   8          int temper_int = 0;       //temperture
   9          
  10          void main(void)
  11          {
  12   1        int temper = 0;
  13   1        bit res;
  14   1        
  15   1        AllInit();
  16   1        Timer0Init();
  17   1        Start18B20();
  18   1        EA = 1;
  19   1        while(1)
  20   1        {
  21   2          TubeShow();
  22   2          KeyPress();
  23   2          
  24   2          if((sec == 0) && (min == 0))
  25   2            flag_fan = 0;
  26   2          else
  27   2            flag_fan = 1;
  28   2          
  29   2          if(flag_2ms)
  30   2          {
  31   3            flag_2ms = 0;
  32   3            KeyScan();
  33   3          }
  34   2          
  35   2          if(flag_500ms)    //show temperture
  36   2          {
  37   3            flag_500ms = 0;
  38   3            res = Get18B20Temp(&temper);
  39   3            if(res)
  40   3            {
  41   4              temper >>= 4;
  42   4              if((temper > 0) && (temper < 75))
  43   4                temper_int = temper;
  44   4            }
  45   3            Start18B20();
  46   3          }
  47   2        }
  48   1      }
  49          
  50          
  51          
  52          


C51 COMPILER V9.59.0.0   MAIN                                                              03/06/2019 13:25:46 PAGE 2   

MODULE INFORMATION:   STATIC OVERLAYABLE
   CODE SIZE        =    125    ----
   CONSTANT SIZE    =   ----    ----
   XDATA SIZE       =   ----    ----
   PDATA SIZE       =   ----    ----
   DATA SIZE        =      6       2
   IDATA SIZE       =   ----    ----
   BIT SIZE         =      4       1
END OF MODULE INFORMATION.


C51 COMPILATION COMPLETE.  0 WARNING(S),  0 ERROR(S)
