C51 COMPILER V9.59.0.0   IIC                                                               03/13/2019 22:11:08 PAGE 1   


C51 COMPILER V9.59.0.0, COMPILATION OF MODULE IIC
OBJECT MODULE PLACED IN ..\OBJ\iic.obj
COMPILER INVOKED BY: D:\Keil_v5\C51\BIN\C51.EXE ..\HARDWARE\iic.c OPTIMIZE(8,SPEED) BROWSE INCDIR(..\INC) DEBUG OBJECTEX
                    -TEND PRINT(..\OBJ\iic.lst) TABS(2) OBJECT(..\OBJ\iic.obj)

line level    source

   1          #include "sys.h"
   2          
   3          #define somenop {_nop_();_nop_();_nop_();_nop_();_nop_();_nop_();_nop_();_nop_();_nop_();_nop_();_nop_();_
             -nop_();_nop_();_nop_();_nop_();_nop_();_nop_();_nop_();_nop_();_nop_();_nop_();_nop_();_nop_();_nop_();_nop_();_nop_();_
             -nop_();_nop_();_nop_();_nop_();_nop_();_nop_();_nop_();}    
   4          
   5          //总线引脚定义
   6          sbit SDA = P2^1;  /* 数据线 */
   7          sbit SCL = P2^0;  /* 时钟线 */
   8          
   9          //总线启动条件
  10          void IIC_Start(void)
  11          {
  12   1        SDA = 1;
  13   1        SCL = 1;
  14   1        somenop;
  15   1        SDA = 0;
  16   1        somenop;
  17   1        SCL = 0;  
  18   1      }
  19          
  20          //总线停止条件
  21          void IIC_Stop(void)
  22          {
  23   1        SDA = 0;
  24   1        SCL = 1;
  25   1        somenop;
  26   1        SDA = 1;
  27   1      }
  28          
  29          //应答位控制
  30          void IIC_Ack(bit ackbit)
  31          {
  32   1        if(ackbit) 
  33   1        { 
  34   2          SDA = 0;
  35   2        }
  36   1        else 
  37   1        {
  38   2          SDA = 1;
  39   2        }
  40   1        somenop;
  41   1        SCL = 1;
  42   1        somenop;
  43   1        SCL = 0;
  44   1        SDA = 1; 
  45   1        somenop;
  46   1      }
  47          
  48          //等待应答
  49          bit IIC_WaitAck(void)
  50          {
  51   1        SDA = 1;
  52   1        somenop;
C51 COMPILER V9.59.0.0   IIC                                                               03/13/2019 22:11:08 PAGE 2   

  53   1        SCL = 1;
  54   1        somenop;
  55   1        if(SDA)    
  56   1        {   
  57   2          SCL = 0;
  58   2          IIC_Stop();
  59   2          return 0;
  60   2        }
  61   1        else  
  62   1        { 
  63   2          SCL = 0;
  64   2          return 1;
  65   2        }
  66   1      }
  67          
  68          //通过I2C总线发送数据
  69          void IIC_SendByte(unsigned char byt)
  70          {
  71   1        unsigned char i;
  72   1        for(i=0;i<8;i++)
  73   1        {   
  74   2          if(byt&0x80) 
  75   2          { 
  76   3            SDA = 1;
  77   3          }
  78   2          else 
  79   2          {
  80   3            SDA = 0;
  81   3          }
  82   2          somenop;
  83   2          SCL = 1;
  84   2          byt <<= 1;
  85   2          somenop;
  86   2          SCL = 0;
  87   2        }
  88   1      }
  89          
  90          //从I2C总线上接收数据
  91          unsigned char IIC_RecByte(void)
  92          {
  93   1        unsigned char da;
  94   1        unsigned char i;
  95   1        
  96   1        for(i=0;i<8;i++)
  97   1        {   
  98   2          SCL = 1;
  99   2          somenop;
 100   2          da <<= 1;
 101   2          if(SDA) 
 102   2          da |= 0x01;
 103   2          SCL = 0;
 104   2          somenop;
 105   2        }
 106   1        return da;
 107   1      }
 108          
 109          unsigned char Read_AIN(unsigned char chn)
 110          {
 111   1        unsigned char dat;
 112   1        unsigned int val;
 113   1        EA = 0;
 114   1        IIC_Start();            //IIC总线起始信号             
C51 COMPILER V9.59.0.0   IIC                                                               03/13/2019 22:11:08 PAGE 3   

 115   1        IIC_SendByte(0x90);     //PCF8591的写设备地址   
 116   1        IIC_WaitAck();          //等待从机应答    
 117   1        IIC_SendByte(chn);      //写入PCF8591的控制字节   
 118   1        IIC_WaitAck();          //等待从机应答            
 119   1        IIC_Stop();             //IIC总线停止信号         
 120   1        
 121   1        IIC_Start();            //IIC总线起始信号                 
 122   1        IIC_SendByte(0x91);     //PCF8591的读设备地址   
 123   1        IIC_WaitAck();          //等待从机应答    
 124   1        dat = IIC_RecByte();    //读取PCF8591通道3的数据      
 125   1        IIC_Ack(0);             //产生非应答信号        
 126   1        IIC_Stop();             //IIC总线停止信号   
 127   1        val = (dat * 500) / 255;
 128   1        EA = 1;
 129   1      
 130   1        return val; 
 131   1      }
 132          


MODULE INFORMATION:   STATIC OVERLAYABLE
   CODE SIZE        =    573    ----
   CONSTANT SIZE    =   ----    ----
   XDATA SIZE       =   ----    ----
   PDATA SIZE       =   ----    ----
   DATA SIZE        =   ----    ----
   IDATA SIZE       =   ----    ----
   BIT SIZE         =   ----       1
END OF MODULE INFORMATION.


C51 COMPILATION COMPLETE.  0 WARNING(S),  0 ERROR(S)
