C51 COMPILER V9.59.0.0   KEY                                                               03/13/2019 22:11:08 PAGE 1   


C51 COMPILER V9.59.0.0, COMPILATION OF MODULE KEY
OBJECT MODULE PLACED IN ..\OBJ\key.obj
COMPILER INVOKED BY: D:\Keil_v5\C51\BIN\C51.EXE ..\HARDWARE\key.c OPTIMIZE(8,SPEED) BROWSE INCDIR(..\INC) DEBUG OBJECTEX
                    -TEND PRINT(..\OBJ\key.lst) TABS(2) OBJECT(..\OBJ\key.obj)

line level    source

   1          #include "sys.h"
   2          
   3          u8 KeySta[] = {1, 1, 1, 1};     //键值存储区
   4          u8 Keybackup[] = {1, 1, 1, 1};  //键值备份区
   5          
   6          sbit S4 = P3^3;
   7          sbit S5 = P3^2;
   8          sbit S6 = P3^1;
   9          sbit S7 = P3^0;
  10          
  11          //按键扫描函数，在定时器中断里调用
  12          void Key_Scan(void)
  13          {
  14   1        static u8 Keybuff[] = {0xff, 0xff, 0xff, 0xff}; //按键缓冲区
  15   1        u8 i = 0;
  16   1        
  17   1        Keybuff[0] = (Keybuff[0] << 1) | S7;
  18   1        Keybuff[1] = (Keybuff[1] << 1) | S6;
  19   1        Keybuff[2] = (Keybuff[2] << 1) | S5;
  20   1        Keybuff[3] = (Keybuff[3] << 1) | S4;
  21   1        
  22   1        for(i = 0; i < 4; i++)
  23   1        {
  24   2          if(Keybuff[i] == 0xff)        //按键松开
  25   2            KeySta[i] = 1;
  26   2          else if(Keybuff[i] == 0x00)   //按键按下
  27   2            KeySta[i] = 0;
  28   2          else        //键值不稳定
  29   2          {}
  30   2        }
  31   1      }
  32          
  33          void Key_drive(u8 key)
  34          {
  35   1        if(key == 0)          //S7 开始接水
  36   1          mode = 1;
  37   1        else if((key == 1) && (mode == 1))      //S6 停止接水
  38   1        {
  39   2          mode = 0;
  40   2          money = volume / 2;
  41   2          volume = 0;
  42   2        }
  43   1      }
  44          
  45          //检测按键是否按下，在main函数调用
  46          void Key_press(void)
  47          {
  48   1        u8 i;
  49   1        
  50   1        for(i = 0; i < 4; i ++)
  51   1        {
  52   2          if(KeySta[i] != Keybackup[i])
  53   2          {
  54   3            if(Keybackup[i] != 0)   //按键松开时操作
C51 COMPILER V9.59.0.0   KEY                                                               03/13/2019 22:11:08 PAGE 2   

  55   3              Key_drive(i);
  56   3            Keybackup[i] = KeySta[i];
  57   3          }
  58   2        }
  59   1      }


MODULE INFORMATION:   STATIC OVERLAYABLE
   CODE SIZE        =    180    ----
   CONSTANT SIZE    =   ----    ----
   XDATA SIZE       =   ----    ----
   PDATA SIZE       =   ----    ----
   DATA SIZE        =     12    ----
   IDATA SIZE       =   ----    ----
   BIT SIZE         =   ----    ----
END OF MODULE INFORMATION.


C51 COMPILATION COMPLETE.  0 WARNING(S),  0 ERROR(S)
