C51 COMPILER V9.59.0.0   MAIN                                                              03/13/2019 22:11:09 PAGE 1   


C51 COMPILER V9.59.0.0, COMPILATION OF MODULE MAIN
OBJECT MODULE PLACED IN ..\OBJ\main.obj
COMPILER INVOKED BY: D:\Keil_v5\C51\BIN\C51.EXE main.c OPTIMIZE(8,SPEED) BROWSE INCDIR(..\INC) DEBUG OBJECTEXTEND PRINT(
                    -..\OBJ\main.lst) TABS(2) OBJECT(..\OBJ\main.obj)

line level    source

   1          #include <stc15.h>
   2          #include "sys.h"
   3          
   4          bit mode = 0;
   5          bit flag_100ms = 0;
   6          u8 price = 50;    //price 0.5元/L  价格和全部需要*100
   7          u16 volume = 0, money = 0;
   8          
   9          void main(void)
  10          {
  11   1        u16 val;
  12   1        
  13   1        All_Init();
  14   1        Timer0Init();
  15   1        EA = 1;
  16   1        while(1)
  17   1        {
  18   2          //读取AD值控制LED程序
  19   2          if(flag_100ms)
  20   2          {
  21   3            flag_100ms = 0;
  22   3            val = Read_AIN(0x01);
  23   3            if(val < 125)
  24   3              Led_illume(0xfe);
  25   3            else
  26   3              Led_illume(0xff);
  27   3          }
  28   2          
  29   2          Key_press();
  30   2          Nixie_Show();
  31   2        }
  32   1      }
  33          
  34          


MODULE INFORMATION:   STATIC OVERLAYABLE
   CODE SIZE        =     44    ----
   CONSTANT SIZE    =   ----    ----
   XDATA SIZE       =   ----    ----
   PDATA SIZE       =   ----    ----
   DATA SIZE        =      5    ----
   IDATA SIZE       =   ----    ----
   BIT SIZE         =      2    ----
END OF MODULE INFORMATION.


C51 COMPILATION COMPLETE.  0 WARNING(S),  0 ERROR(S)
