C51 COMPILER V9.59.0.0   SYS                                                               03/13/2019 22:11:08 PAGE 1   


C51 COMPILER V9.59.0.0, COMPILATION OF MODULE SYS
OBJECT MODULE PLACED IN ..\OBJ\sys.obj
COMPILER INVOKED BY: D:\Keil_v5\C51\BIN\C51.EXE ..\SYSTEM\sys.c OPTIMIZE(8,SPEED) BROWSE INCDIR(..\INC) DEBUG OBJECTEXTE
                    -ND PRINT(..\OBJ\sys.lst) TABS(2) OBJECT(..\OBJ\sys.obj)

line level    source

   1          #include "sys.h"
   2          
   3          void All_Init(void)
   4          {
   5   1        P2 = (P2 & 0x1f) | 0x80;  //打开Y4C（LED）
   6   1        P0 = 0xff;      //关闭LED
   7   1        P2 = (P2 & 0x1f) | 0xe0;  //打开Y7C（数码管）
   8   1        P0 = 0xff;      //关闭数码管
   9   1        P2 = (P2 & 0x1f) | 0xa0;  //打开Y5C
  10   1        P0 = 0x00;      //关闭蜂鸣器、继电器
  11   1        P2 = P2 & 0x1f;     //关闭所有使能
  12   1      }
  13          
  14          void Timer0Init(void)   //2毫秒@11.0592MHz
  15          {
  16   1        AUXR |= 0x80;   //定时器时钟1T模式
  17   1        TMOD &= 0xF0;   //设置定时器模式
  18   1        TL0 = 0x9A;   //设置定时初值
  19   1        TH0 = 0xA9;   //设置定时初值
  20   1        TF0 = 0;    //清除TF0标志
  21   1        TR0 = 1;    //定时器0开始计时
  22   1        ET0 = 1;
  23   1      }
  24          
  25          void Timer0(void) interrupt 1
  26          {
  27   1        static u8 T0count1 = 0, T0count2 = 0;
  28   1        
  29   1        //控制接水程序
  30   1        if(mode == 1)
  31   1        {
  32   2          T0count1 ++;
  33   2          if(T0count1 >= 50)
  34   2          {
  35   3            T0count1 = 0;
  36   3            volume ++;
  37   3          }
  38   2        }
  39   1        
  40   1        //100ms计时控制程序
  41   1        T0count2 ++;
  42   1        if(T0count2 >= 50)
  43   1        {
  44   2          T0count2 = 0;
  45   2          flag_100ms = 1;
  46   2        }
  47   1        
  48   1        //继电器控制程序
  49   1        if(mode == 1)
  50   1        {
  51   2          if(volume < 9999)
  52   2          {
  53   3            P0 = 0x00;
  54   3            P2 = (P2 & 0x1f) | 0xa0;  //打开Y5C
C51 COMPILER V9.59.0.0   SYS                                                               03/13/2019 22:11:08 PAGE 2   

  55   3            P04 = 1;
  56   3            P2 = P2 & 0x1f;     //关闭所有使能
  57   3          }
  58   2          else if(volume >= 9999)
  59   2          {
  60   3            mode = 0;
  61   3            money = volume / 2;
  62   3            volume = 0;
  63   3          }
  64   2        }
  65   1        else
  66   1        {
  67   2          P0 = 0x00;
  68   2          P2 = (P2 & 0x1f) | 0xa0;  //打开Y5C
  69   2          P04 = 0;
  70   2          P2 = P2 & 0x1f;     //关闭所有使能
  71   2        }
  72   1        
  73   1        Key_Scan();
  74   1        Nixie_Scan();
  75   1      }


MODULE INFORMATION:   STATIC OVERLAYABLE
   CODE SIZE        =    239    ----
   CONSTANT SIZE    =   ----    ----
   XDATA SIZE       =   ----    ----
   PDATA SIZE       =   ----    ----
   DATA SIZE        =      2    ----
   IDATA SIZE       =   ----    ----
   BIT SIZE         =   ----    ----
END OF MODULE INFORMATION.


C51 COMPILATION COMPLETE.  0 WARNING(S),  0 ERROR(S)
