C51 COMPILER V9.59.0.0   DS1302                                                            03/07/2019 18:10:57 PAGE 1   


C51 COMPILER V9.59.0.0, COMPILATION OF MODULE DS1302
OBJECT MODULE PLACED IN ..\OBJ\ds1302.obj
COMPILER INVOKED BY: D:\Keil_v5\C51\BIN\C51.EXE ..\HARDWARE\ds1302.c OPTIMIZE(8,SPEED) BROWSE INCDIR(..\INC) DEBUG OBJEC
                    -TEXTEND PRINT(..\OBJ\ds1302.lst) TABS(2) OBJECT(..\OBJ\ds1302.obj)

line level    source

   1          #include "sys.h"
   2          
   3          sbit DS1302_IO = P2^3;
   4          sbit DS1302_CK = P1^7;
   5          sbit DS1302_CE = P1^3;
   6          
   7          /*******************************************************************************
   8          * 函数名  ：DS1302ByteWrite
   9          * 输入值  ：unsigned char dat
  10          * 返回值  ：none
  11          * 作者    ：小默haa
  12          * 时间    ：2019年3月1日
  13          * 功能描述：发送一个字节到DS1302通信总线上
  14          * 备注    ：
  15          *******************************************************************************/
  16          void DS1302ByteWrite(unsigned char dat) 
  17          {
  18   1        unsigned char mask;
  19   1        DS1302_IO = 1;          //拉低IO总线
  20   1        for(mask = 0x01; mask != 0; mask <<= 1) //低位在前，逐位移出
  21   1        {
  22   2          if((dat&mask) != 0)   //首先输出该位数据
  23   2            DS1302_IO = 1;
  24   2          else
  25   2            DS1302_IO = 0;
  26   2          DS1302_CK = 1;        //拉高时钟线
  27   2          DS1302_CK = 0;        //拉低时钟线，完成一个位的操作
  28   2        }
  29   1        DS1302_IO = 1;          //写完之后确保释放IO总线
  30   1      }  
  31          
  32          /*******************************************************************************
  33          * 函数名  ：DS1302ByteRead
  34          * 输入值  ：none
  35          * 返回值  ：unsigned char dat
  36          * 作者    ：小默haa
  37          * 时间    ：2019年3月1日
  38          * 功能描述：由DS1302通信总线上读取一个字节
  39          * 备注    ：返回读到的字节数据
  40          *******************************************************************************/
  41          unsigned char DS1302ByteRead(void)
  42          {
  43   1        unsigned char mask, dat = 0;
  44   1        
  45   1        for(mask = 0x01; mask != 0; mask <<= 1) //低位在前，逐位读取
  46   1        {
  47   2          if(DS1302_IO)     //首先读取此时的IO引脚，并设置dat中的对应位
  48   2            dat |= mask;
  49   2      
  50   2          DS1302_CK = 1;    //拉高时钟
  51   2          DS1302_CK = 0;    //再拉低时钟，完成一个位的操作
  52   2        }
  53   1        return dat;         //返回读到的字节数据
  54   1      } 
C51 COMPILER V9.59.0.0   DS1302                                                            03/07/2019 18:10:57 PAGE 2   

  55          
  56          /*******************************************************************************
  57          * 函数名  ：DS1302SingleWrite
  58          * 输入值  ：unsigned char reg, unsigned char dat
  59          * 返回值  ：none
  60          * 作者    ：小默haa
  61          * 时间    ：2019年3月1日
  62          * 功能描述：用单次写操作向某一寄存器写入一个字节
  63          * 备注    ：reg为寄存器地址，dat为待写入字节
  64          *******************************************************************************/
  65          void DS1302SingleWrite(unsigned char reg, unsigned char dat)     
  66          {
  67   1        DS1302_CE = 1;          //使能片选信号
  68   1        DS1302ByteWrite((reg << 1) | 0x80); //发送写寄存器指令
  69   1        DS1302ByteWrite(dat);   //写入字节数据
  70   1        DS1302_CE = 0;          //除能片选信号
  71   1      }
  72          
  73          /*******************************************************************************
  74          * 函数名  ：DS1302SingleRead
  75          * 输入值  ：unsigned char reg
  76          * 返回值  ：unsigned char dat
  77          * 作者    ：小默haa
  78          * 时间    ：2019年3月1日
  79          * 功能描述：用单次读操作从某一寄存器读取一个字节
  80          * 备注    ：reg为寄存器地址，返回值dat为读到的字节
  81          *******************************************************************************/
  82          unsigned char DS1302SingleRead(unsigned char reg)
  83          {
  84   1        unsigned char dat;
  85   1        
  86   1        DS1302_CE = 1;          //使能片选信号
  87   1        DS1302ByteWrite((reg << 1) | 0x81); //发送读寄存器指令
  88   1        dat = DS1302ByteRead(); //读取字节数据
  89   1        DS1302_CE = 0;          //除能片选信号
  90   1        
  91   1        DS1302_IO = 0;          //单字节读必须加的！
  92   1        
  93   1        return dat;         
  94   1      }
  95          
  96          /*******************************************************************************
  97          * 函数名  ：DS1302BurstWrite
  98          * 输入值  ：unsigned char *dat
  99          * 返回值  ：none
 100          * 作者    ：小默haa
 101          * 时间    ：2019年3月1日
 102          * 功能描述：用突发模式连续写入8个寄存器数据
 103          * 备注    ：reg为寄存器地址，返回值dat为读到的字节
 104          *******************************************************************************/
 105          void DS1302BurstWrite(unsigned char *dat)
 106          {
 107   1        unsigned char i;
 108   1        
 109   1        DS1302_CE = 1;
 110   1        DS1302ByteWrite(0xBE);        //发送突发写寄存器指令
 111   1        for(i = 0; i < 7; i ++)       //连续写入8字节数据
 112   1          DS1302ByteWrite(*dat++);        
 113   1        DS1302_CE = 0;      
 114   1      }
 115          
 116          /*******************************************************************************
C51 COMPILER V9.59.0.0   DS1302                                                            03/07/2019 18:10:57 PAGE 3   

 117          * 函数名  ：DS1302BurstRead
 118          * 输入值  ：unsigned char *dat
 119          * 返回值  ：none
 120          * 作者    ：小默haa
 121          * 时间    ：2019年3月1日
 122          * 功能描述：用突发模式连续读取8个寄存器的数据
 123          * 备注    ：dat为读到的字节
 124          *******************************************************************************/
 125          void DS1302BurstRead (unsigned char *dat)
 126          {
 127   1        unsigned char i;
 128   1        
 129   1        DS1302_CE = 1;
 130   1        DS1302ByteWrite(0xBF);        //发送突发读寄存器指令
 131   1        for(i = 0; i < 7; i++)        //连续读取8个字节
 132   1          dat[i] = DS1302ByteRead();      
 133   1        DS1302_CE = 0;  
 134   1        
 135   1        DS1302_IO = 0;                //突发读必须加
 136   1      } 
 137          
 138          /*******************************************************************************
 139          * 函数名  ：GetRealTime
 140          * 输入值  ：struct sTime *time
 141          * 返回值  ：none
 142          * 作者    ：小默haa
 143          * 时间    ：2019年3月1日
 144          * 功能描述：读取DS1302时间
 145          * 备注    ：
 146          *******************************************************************************/
 147          void GetRealTime(unsigned char *time)
 148          {
 149   1        unsigned char buf[8];
 150   1        
 151   1        DS1302BurstRead(buf);
 152   1        time[0] = buf[6];
 153   1        time[1] = buf[4];
 154   1        time[2] = buf[3];
 155   1        time[3] = buf[2];
 156   1        time[4] = buf[1];
 157   1        time[5] = buf[0];
 158   1        time[6] = buf[5];
 159   1      }
 160          
 161          /*******************************************************************************
 162          * 函数名  ：SetRealTime
 163          * 输入值  ：u8 *time
 164          * 返回值  ：none
 165          * 作者    ：小默haa
 166          * 时间    ：2019年3月1日
 167          * 功能描述：设置DS1302时间
 168          * 备注    ：
 169          *******************************************************************************/
 170          void SetRealTime(unsigned char *time)
 171          {
 172   1        unsigned char buf[8];
 173   1        
 174   1        buf[7] = 0;
 175   1        buf[6] = time[0];
 176   1        buf[4] = time[1];
 177   1        buf[3] = time[2];
 178   1        buf[2] = time[3];
C51 COMPILER V9.59.0.0   DS1302                                                            03/07/2019 18:10:57 PAGE 4   

 179   1        buf[1] = time[4];
 180   1        buf[0] = time[5];
 181   1        buf[5] = time[6];
 182   1        DS1302BurstWrite(buf);
 183   1      }
 184          
 185          /*******************************************************************************
 186          * 函数名  ：InitDS1302
 187          * 输入值  ：struct sTime *time
 188          * 返回值  ：none
 189          * 作者    ：小默haa
 190          * 时间    ：2019年3月1日
 191          * 功能描述：DS1302初始化
 192          * 备注    ：
 193          *******************************************************************************/
 194          void InitDS1302(unsigned char *time)
 195          {
 196   1        unsigned char dat;
 197   1        signed char i = 7;
 198   1        unsigned char timeinit[8];
 199   1        
 200   1        while(i >= 0)
 201   1        {
 202   2          timeinit[i] = time[i];
 203   2          i --;
 204   2        }
 205   1        
 206   1        DS1302_CE = 0;                //初始化DS1302通信引脚
 207   1        DS1302_CK = 0;
 208   1        dat = DS1302SingleRead(0);      //读取秒寄存器
 209   1        DS1302SingleWrite(7, 0x00);   //撤销写保护以允许写入数据
 210   1        SetRealTime(&timeinit);         //设置DS1302时间
 211   1      //  DS1302SingleWrite(7, 0x80);   //写保护以禁止写入数据
 212   1      }
 213          


MODULE INFORMATION:   STATIC OVERLAYABLE
   CODE SIZE        =    412    ----
   CONSTANT SIZE    =   ----    ----
   XDATA SIZE       =   ----    ----
   PDATA SIZE       =   ----    ----
   DATA SIZE        =   ----      37
   IDATA SIZE       =   ----    ----
   BIT SIZE         =   ----    ----
END OF MODULE INFORMATION.


C51 COMPILATION COMPLETE.  0 WARNING(S),  0 ERROR(S)
