C51 COMPILER V9.59.0.0   SYS                                                               03/07/2019 18:10:58 PAGE 1   


C51 COMPILER V9.59.0.0, COMPILATION OF MODULE SYS
OBJECT MODULE PLACED IN ..\OBJ\sys.obj
COMPILER INVOKED BY: D:\Keil_v5\C51\BIN\C51.EXE ..\SYSTEM\sys.c OPTIMIZE(8,SPEED) BROWSE INCDIR(..\INC) DEBUG OBJECTEXTE
                    -ND PRINT(..\OBJ\sys.lst) TABS(2) OBJECT(..\OBJ\sys.obj)

line level    source

   1          #include "sys.h"
   2          
   3          //关闭所有外设
   4          void All_Init(void)
   5          {
   6   1        P2 = (P2 & 0x1f) | 0x80;  //打开Y4C（LED）
   7   1        P0 = 0xff;          //关闭LED
   8   1        P2 = (P2 & 0x1f) | 0xe0;  //打开Y7C（数码管）
   9   1        P0 = 0xff;          //关闭数码管
  10   1        P2 = (P2 & 0x1f) | 0xa0;  //打开Y5C
  11   1        P0 = 0x00;          //关闭蜂鸣器、继电器
  12   1        P2 = P2 & 0x1f;
  13   1      }
  14          
  15          //定时器0初始化
  16          void Timer0Init(void)   //2毫秒@11.0592MHz
  17          {
  18   1        AUXR |= 0x80;   //定时器时钟1T模式
  19   1        TMOD &= 0xF0;   //设置定时器模式
  20   1        TL0 = 0x9A;   //设置定时初值
  21   1        TH0 = 0xA9;   //设置定时初值
  22   1        TF0 = 0;    //清除TF0标志
  23   1        TR0 = 1;    //定时器0开始计时
  24   1        ET0 = 1;
  25   1      }
  26          
  27          //定时器0中断程序
  28          void Time0(void) interrupt 1
  29          {
  30   1        static unsigned char t01 = 0, t02 = 0;
  31   1        static unsigned int t03 = 0, t04 = 0;
  32   1        
  33   1        t01 ++;
  34   1        t03 ++;
  35   1        if(t01 >= 50)
  36   1        {
  37   2          flag_100ms = 1;
  38   2          t01 = 0;
  39   2          
  40   2          if(mode == 0)
  41   2            TimeBackup(&bufTime);         //备份时间
  42   2        }
  43   1        
  44   1        if(flag_led == 1)
  45   1        {
  46   2          t02 ++;
  47   2          if(t02 <= 100)
  48   2            Led_dat = 0xfe;
  49   2          else
  50   2          {
  51   3            Led_dat = 0xff;
  52   3            if(t02 >= 200)
  53   3              t02 = 0;
  54   3          }
C51 COMPILER V9.59.0.0   SYS                                                               03/07/2019 18:10:58 PAGE 2   

  55   2        }
  56   1        else if(flag_led == 0)
  57   1        {
  58   2          t02 = 0;
  59   2          Led_dat = 0xff;
  60   2        }
  61   1        
  62   1        if(t03 >= 500)
  63   1        {
  64   2          t03 = 0;
  65   2          flag_1s  = ~flag_1s;
  66   2        }
  67   1        
  68   1        if(flag_led == 1)
  69   1        {
  70   2          t04 ++;
  71   2          
  72   2          if(t04 >= 2500)
  73   2          {
  74   3            t04 = 0;
  75   3            flag_led = 0;
  76   3          }
  77   2        }
  78   1        else
  79   1          t04 = 0;
  80   1        
  81   1        KeyScan();
  82   1      
  83   1        Nixie_Scan();
  84   1      }
  85          
  86          void IsAlarm(u8 *time)
  87          {
  88   1        if((time[5] == AlarmTime[2]))
  89   1        {
  90   2          if(time[4] == AlarmTime[1])
  91   2          {
  92   3            if(time[3] == AlarmTime[0])
  93   3            {
  94   4              if(flag_alarm)
  95   4                flag_led = 1;
  96   4            }
  97   3          }
  98   2        }
  99   1        else
 100   1          flag_alarm = 1;
 101   1      }
 102          
 103          


MODULE INFORMATION:   STATIC OVERLAYABLE
   CODE SIZE        =    300    ----
   CONSTANT SIZE    =   ----    ----
   XDATA SIZE       =   ----    ----
   PDATA SIZE       =   ----    ----
   DATA SIZE        =      6    ----
   IDATA SIZE       =   ----    ----
   BIT SIZE         =   ----    ----
END OF MODULE INFORMATION.


C51 COMPILATION COMPLETE.  0 WARNING(S),  0 ERROR(S)
