C51 COMPILER V9.59.0.0   KEY                                                               03/29/2019 21:35:01 PAGE 1   


C51 COMPILER V9.59.0.0, COMPILATION OF MODULE KEY
OBJECT MODULE PLACED IN .\Objects\key.obj
COMPILER INVOKED BY: D:\Keil_v5\C51\BIN\C51.EXE key.c OPTIMIZE(8,SPEED) BROWSE DEBUG OBJECTEXTEND PRINT(.\Listings\key.l
                    -st) TABS(2) OBJECT(.\Objects\key.obj)

line level    source

   1          #include "sys.h"
   2          
   3          unsigned char keysta[] = {1, 1, 1, 1};
   4          unsigned char keybackup[] = {1, 1, 1, 1};
   5          
   6          unsigned char keybuff[] = {0xff, 0xff, 0xff, 0xff};
   7          
   8          void KeyScan(void)
   9          {
  10   1        unsigned char i;
  11   1      
  12   1        keybuff[0] = (keybuff[0] << 1) | S4;
  13   1        keybuff[1] = (keybuff[1] << 1) | S5;
  14   1        keybuff[2] = (keybuff[2] << 1) | S6;
  15   1        keybuff[3] = (keybuff[3] << 1) | S7;
  16   1      
  17   1        for(i = 0; i < 4; i ++)
  18   1        {
  19   2          if(keybuff[i] == 0xff)
  20   2            keysta[i] = 1;
  21   2          else if(keybuff[i] == 0x00)
  22   2            keysta[i] = 0;
  23   2        }
  24   1      }
  25          
  26          void KeyPress(void)
  27          {
  28   1        unsigned char i;
  29   1      
  30   1        for(i = 0; i < 4; i ++)
  31   1        {
  32   2          if(keysta[i] != keybackup[i])
  33   2          {
  34   3            if(keysta[i] == 0)
  35   3              KeyAction(i);
  36   3            keybackup[i] = keysta[i];
  37   3          }
  38   2        }
  39   1      }
  40          
  41          void KeyAction(unsigned char key)
  42          {
  43   1        //S4按键切换测频和测电压模式
  44   1        if(key == 0)  
  45   1        {
  46   2          if(mode == 1) //如果是模式就切换到模式2
  47   2            mode = 2;
  48   2          else if(mode == 2)  //如果是模式2就切换到模式
  49   2            mode = 1;
  50   2        }
  51   1      
  52   1        //S5为是否为固定输出2.0V
  53   1        else if(key == 1)
  54   1          flagval = !flagval;
C51 COMPILER V9.59.0.0   KEY                                                               03/29/2019 21:35:01 PAGE 2   

  55   1      
  56   1        //S6控制是否打开LED
  57   1        else if(key == 2) 
  58   1          flagled = ~flagled;
  59   1      
  60   1        //S7控制是否打开数码管显示
  61   1        else if(key == 3) //S7
  62   1          flagtube = !flagtube;
  63   1      }
  64          
  65          
  66          


MODULE INFORMATION:   STATIC OVERLAYABLE
   CODE SIZE        =    209    ----
   CONSTANT SIZE    =   ----    ----
   XDATA SIZE       =   ----    ----
   PDATA SIZE       =   ----    ----
   DATA SIZE        =     12       1
   IDATA SIZE       =   ----    ----
   BIT SIZE         =   ----    ----
END OF MODULE INFORMATION.


C51 COMPILATION COMPLETE.  0 WARNING(S),  0 ERROR(S)
