C51 COMPILER V9.59.0.0   MAIN                                                              03/29/2019 21:35:02 PAGE 1   


C51 COMPILER V9.59.0.0, COMPILATION OF MODULE MAIN
OBJECT MODULE PLACED IN .\Objects\main.obj
COMPILER INVOKED BY: D:\Keil_v5\C51\BIN\C51.EXE main.c OPTIMIZE(8,SPEED) BROWSE DEBUG OBJECTEXTEND PRINT(.\Listings\main
                    -.lst) TABS(2) OBJECT(.\Objects\main.obj)

line level    source

   1          #include "sys.h"
   2          
   3          bit flag200ms = 0, flag500ms = 0;
   4          bit flagval = 0, flagled = 1, flagtube = 1;
   5          unsigned char mode = 2;
   6          unsigned int FRE, VAL;
   7          unsigned char LEDDAT = 0xff, led = 0xff;
   8          
   9          void main(void)
  10          {
  11   1        All_Init();
  12   1        Timer1Init();
  13   1        Timer0Init();
  14   1        EA = 1;
  15   1        while(1)
  16   1        {
  17   2          //200ma读取一次AD
  18   2          if(flag200ms)
  19   2          {
  20   3            flag200ms = 0;
  21   3            VAL = Read_AIN(0x03);   //读取AIN3的数据
  22   3          }
  23   2          //500ms测频一次
  24   2          if(flag500ms)
  25   2          {
  26   3            flag500ms = 0;
  27   3            TR0 = 0;                //关闭定时器0计数
  28   3            FRE = TH0 * 256 + TL0;  //统计500ms内脉冲数
  29   3            FRE *= 2;               //乘以2就是1s内脉冲数，就是频率
  30   3            TH0 = TL0 = 0;          //清除定时器0计数数据
  31   3            TR0 = 1;                //定时器0重新开始计数
  32   3          }
  33   2      
  34   2          //如果S5按下，val就是固定的2.0V
  35   2          if(flagval == 0)
  36   2            VAL = 200;
  37   2      
  38   2          //如果LED显示打开
  39   2          if(flagled)
  40   2          {
  41   3            switch(mode)
  42   3            {
  43   4              case 1: LEDDAT = (LEDDAT | 0x03) & 0xfd; break;     //模式1为测频模式
  44   4              case 2: LEDDAT = (LEDDAT | 0x03) & 0xfe; break;     //模式2为测电压模式
  45   4            }
  46   3      
  47   3            //如果是测频模式，根据范围选择点亮LED
  48   3            if(mode == 1)   
  49   3            {
  50   4              LEDDAT = LEDDAT | 0x10;   //关闭L5
  51   4              LEDDAT = LEDDAT | 0x04;   //关闭L3          
  52   4              if(FRE < 1000)
  53   4                LEDDAT = LEDDAT | 0x08; //关闭L4
  54   4              else if((FRE >= 1000) && (FRE < 5000))
C51 COMPILER V9.59.0.0   MAIN                                                              03/29/2019 21:35:02 PAGE 2   

  55   4                LEDDAT = (LEDDAT | 0x08) & 0xf7;  //打开L4
  56   4              else if((FRE >= 5000) && (FRE < 10000))
  57   4                LEDDAT = LEDDAT | 0x08;   //关闭L4
  58   4              else if(FRE > 10000)
  59   4                LEDDAT = (LEDDAT | 0x08) & 0xf7;  //打开L4
  60   4            }
  61   3            //如果是测电压模式，根据电压范围选择点亮LED
  62   3            else if(mode == 2)
  63   3            {
  64   4              //不是固定输出2.0V状态
  65   4              if(flagval) 
  66   4              {
  67   5                LEDDAT = LEDDAT & 0xef;   //打开L5
  68   5                LEDDAT = LEDDAT | 0x08;   //关闭L4
  69   5                if(VAL < 150)
  70   5                  LEDDAT = LEDDAT | 0x04; //关闭L3
  71   5                else if((VAL >= 150) && (VAL < 250))
  72   5                  LEDDAT = (LEDDAT | 0x04) & 0xfb;  //打开L3
  73   5                else if((VAL > 250) && (VAL < 350))
  74   5                  LEDDAT = LEDDAT | 0x04; //关闭L3
  75   5                else if(VAL > 350)
  76   5                  LEDDAT = (LEDDAT | 0x04) & 0xfb;    //打开L3
  77   5              }
  78   4              //固定输出2.0V状态
  79   4              else 
  80   4              {
  81   5                LEDDAT = LEDDAT | 0x10;     //关闭L5
  82   5                LEDDAT = LEDDAT | 0x04;     //关闭L3
  83   5              }
  84   4            }
  85   3          }
  86   2          //LED关闭状态，LED全灭
  87   2          else
  88   2            LEDDAT = 0xff;
  89   2          
  90   2          led = LEDDAT;
  91   2      
  92   2          KeyPress();
  93   2          TubeScan();
  94   2        }
  95   1      }
  96          


MODULE INFORMATION:   STATIC OVERLAYABLE
   CODE SIZE        =    325    ----
   CONSTANT SIZE    =   ----    ----
   XDATA SIZE       =   ----    ----
   PDATA SIZE       =   ----    ----
   DATA SIZE        =      7    ----
   IDATA SIZE       =   ----    ----
   BIT SIZE         =      5    ----
END OF MODULE INFORMATION.


C51 COMPILATION COMPLETE.  0 WARNING(S),  0 ERROR(S)
