C51 COMPILER V9.59.0.0   SYS                                                               03/29/2019 21:35:03 PAGE 1   


C51 COMPILER V9.59.0.0, COMPILATION OF MODULE SYS
OBJECT MODULE PLACED IN .\Objects\sys.obj
COMPILER INVOKED BY: D:\Keil_v5\C51\BIN\C51.EXE sys.c OPTIMIZE(8,SPEED) BROWSE DEBUG OBJECTEXTEND PRINT(.\Listings\sys.l
                    -st) TABS(2) OBJECT(.\Objects\sys.obj)

line level    source

   1          #include "sys.h"
   2          
   3          void All_Init(void)
   4          {
   5   1        P2 = (P2 & 0x1f) | 0x80;
   6   1        P0 = 0xff;        
   7   1        P2 = (P2 & 0x1f) | 0xe0;
   8   1        P0 = 0xff;      
   9   1        P2 = (P2 & 0x1f) | 0xa0;  
  10   1        P0 = 0x00;        
  11   1        P2 = P2 & 0x1f;
  12   1      }
  13          
  14          //定时器1初始化
  15          void Timer1Init(void)   //2毫秒@12.000MHz
  16          {
  17   1        AUXR &= 0xBF;   //定时器时钟12T模式
  18   1        TMOD &= 0x0F;   //设置定时器模式
  19   1        TL1 = 0x30;   //设置定时初值
  20   1        TH1 = 0xF8;   //设置定时初值
  21   1        TF1 = 0;    //清除TF1标志
  22   1        TR1 = 1;    //定时器1开始计时
  23   1        ET1 = 1;
  24   1      }
  25          
  26          //定时器1中断服务程序
  27          void Timer1(void) interrupt 3
  28          {
  29   1        static unsigned char t00 = 0, t01 = 0;
  30   1      
  31   1        t00 ++;   //200ms
  32   1        t01 ++;   //500ms
  33   1      
  34   1        if(t00 >= 100)
  35   1        {
  36   2          t00 = 0;
  37   2          flag200ms = 1;
  38   2        }
  39   1      
  40   1        if(t01 >= 250)
  41   1        {
  42   2          t01 = 0;
  43   2          flag500ms = 1;
  44   2        } 
  45   1      
  46   1        LedLight();
  47   1        KeyScan();
  48   1        TubeShow();
  49   1      }
  50          
  51          //定时器0初始化为计数模式
  52          void Timer0Init(void)
  53          {
  54   1        AUXR &= 0x7F;         //定时器时钟12T模式
C51 COMPILER V9.59.0.0   SYS                                                               03/29/2019 21:35:03 PAGE 2   

  55   1        TMOD = 0x04;          //设置定时器0为16位自动重装载外部记数模式
  56   1        TH0 = TL0 = 0;        //设置定时器0初始值
  57   1        TR0 = 1;              //定时器0开始工作
  58   1      }


MODULE INFORMATION:   STATIC OVERLAYABLE
   CODE SIZE        =    171    ----
   CONSTANT SIZE    =   ----    ----
   XDATA SIZE       =   ----    ----
   PDATA SIZE       =   ----    ----
   DATA SIZE        =      2    ----
   IDATA SIZE       =   ----    ----
   BIT SIZE         =   ----    ----
END OF MODULE INFORMATION.


C51 COMPILATION COMPLETE.  0 WARNING(S),  0 ERROR(S)
